[35m[Appium][39m Welcome to Appium v2.5.0
[35m[Appium][39m Non-default server args:
[35m[Appium][39m { basePath: [32m'/wd/hub'[39m, loglevel: [32m'info'[39m, port: [33m54267[39m }
[35m[Appium][39m Attempting to load driver uiautomator2...
[35m[Appium][39m Appium REST http interface listener started on http://0.0.0.0:54267/wd/hub
[35m[Appium][39m You can provide the following URLs in your client code to connect to this server:
[35m[Appium][39m 	http://172.16.38.210:54267/wd/hub
[35m[Appium][39m 	http://127.0.0.1:54267/wd/hub (only accessible from the same host)
[35m[Appium][39m Available drivers:
[35m[Appium][39m   - uiautomator2@3.0.0 (automationName 'UiAutomator2')
[35m[Appium][39m No plugins have been installed. Use the "appium plugin" command to install the one(s) you want to use.
[38;5;0m[HTTP][0m [37m-->[39m [37mGET[39m [37m/wd/hub/status[39m
[38;5;0m[HTTP][0m [90m{}[39m
[38;5;0m[HTTP][0m [37m<-- GET /wd/hub/status [39m[32m200[39m [90m6 ms - 110[39m
[38;5;0m[HTTP][0m [90m[39m
[38;5;0m[HTTP][0m [37m-->[39m [37mGET[39m [37m/wd/hub/status[39m
[38;5;0m[HTTP][0m [90m{}[39m
[38;5;0m[HTTP][0m [37m<-- GET /wd/hub/status [39m[32m200[39m [90m1 ms - 110[39m
[38;5;0m[HTTP][0m [90m[39m
[38;5;0m[HTTP][0m [37m-->[39m [37mPOST[39m [37m/wd/hub/session[39m
[38;5;0m[HTTP][0m [90m{"desiredCapabilities":{"appium:systemPort":8239,"appium:udid":"emulator-5554","appium:autoGrantPermissions":true,"appium:newCommandTimeout":1800,"appium:platformName":"ANDROID","appium:appActivity":".Settings","appium:deviceName":"emulator-5554 (Android SDK built for x86 - Android 7.0)","platformName":"Android","appium:automationName":"uiautomator2","appium:platformVersion":"7.0","appium:appPackage":"com.android.settings"},"capabilities":{"firstMatch":[{"appium:appActivity":".Settings","appium:appPackage":"com.android.settings","appium:autoGrantPermissions":true,"appium:automationName":"uiautomator2","appium:deviceName":"emulator-5554 (Android SDK built for x86 - Android 7.0)","appium:newCommandTimeout":1800,"appium:platformName":"ANDROID","appium:platformVersion":"7.0","appium:systemPort":8239,"appium:udid":"emulator-5554","platformName":"android"}]}}[39m
[38;5;32m[BaseDriver][0m Ignoring capability 'appium:platformName=ANDROID' and using capability 'platformName=android'
[38;5;32m[BaseDriver][0m The capabilities ["platformName"] are standard capabilities and do not require "appium:" prefix
[35m[Appium][39m Attempting to find matching driver for automationName 'uiautomator2' and platformName 'android'
[35m[Appium][39m The 'uiautomator2' driver was installed and matched caps.
[35m[Appium][39m Will require it at C:\Users\LENOVO\.appium\node_modules\appium-uiautomator2-driver
[38;5;16m[AppiumDriver@fe39][0m Appium v2.5.0 creating new AndroidUiautomator2Driver (v3.0.0) session
[38;5;16m[AppiumDriver@fe39][0m Checking BaseDriver versions for Appium and AndroidUiautomator2Driver
[38;5;16m[AppiumDriver@fe39][0m Appium's BaseDriver version is 9.5.1
[38;5;16m[AppiumDriver@fe39][0m AndroidUiautomator2Driver's BaseDriver version is 9.5.1
[38;5;48m[AndroidUiautomator2Driver@d6f1 (874af2fe)][0m Session created with session id: 874af2fe-4e02-4329-bddf-3fd307b5f09f
[38;5;64m[ADB][0m Found 1 'build-tools' folders under 'C:\Users\LENOVO\.katalon\tools\android_sdk' (newest first):
[38;5;64m[ADB][0m     C:\Users\LENOVO\.katalon\tools\android_sdk\build-tools\29.0.3
[38;5;64m[ADB][0m Using 'adb.exe' from 'C:\Users\LENOVO\.katalon\tools\android_sdk\platform-tools\adb.exe'
[38;5;48m[AndroidUiautomator2Driver@d6f1 (874af2fe)][0m Retrieving device list
[38;5;48m[AndroidUiautomator2Driver@d6f1 (874af2fe)][0m Using device: emulator-5554
[38;5;64m[ADB][0m Using 'adb.exe' from 'C:\Users\LENOVO\.katalon\tools\android_sdk\platform-tools\adb.exe'
[38;5;48m[AndroidUiautomator2Driver@d6f1 (874af2fe)][0m Starting 'com.android.settings' directly on the device
[38;5;48m[AndroidUiautomator2Driver@d6f1 (874af2fe)][0m No app sent in, not parsing package/activity
[38;5;64m[ADB][0m Using 'apksigner.jar' from 'C:\Users\LENOVO\.katalon\tools\android_sdk\build-tools\29.0.3\lib\apksigner.jar'
[38;5;64m[ADB][0m 'C:\Users\LENOVO\.appium\node_modules\appium-uiautomator2-driver\node_modules\appium-uiautomator2-server\apks\appium-uiautomator2-server-debug-androidTest.apk' is signed with the default certificate
[38;5;64m[ADB][0m 'C:\Users\LENOVO\.appium\node_modules\appium-uiautomator2-driver\node_modules\appium-uiautomator2-server\apks\appium-uiautomator2-server-v7.0.0.apk' is signed with the default certificate
[38;5;48m[AndroidUiautomator2Driver@d6f1 (874af2fe)][0m Server packages are not going to be (re)installed
[38;5;64m[ADB][0m Adding packages ["io.appium.settings","io.appium.uiautomator2.server","io.appium.uiautomator2.server.test"] to Doze whitelist
[38;5;48m[AndroidUiautomator2Driver@d6f1 (874af2fe)][0m Starting UIAutomator2 server 7.0.0
[38;5;48m[AndroidUiautomator2Driver@d6f1 (874af2fe)][0m Using UIAutomator2 server from 'C:\Users\LENOVO\.appium\node_modules\appium-uiautomator2-driver\node_modules\appium-uiautomator2-server\apks\appium-uiautomator2-server-v7.0.0.apk' and test from 'C:\Users\LENOVO\.appium\node_modules\appium-uiautomator2-driver\node_modules\appium-uiautomator2-server\apks\appium-uiautomator2-server-debug-androidTest.apk'
[38;5;48m[AndroidUiautomator2Driver@d6f1 (874af2fe)][0m Waiting up to 30000ms for UiAutomator2 to be online...
[38;5;48m[AndroidUiautomator2Driver@d6f1 (874af2fe)][0m socket hang up
[38;5;48m[AndroidUiautomator2Driver@d6f1 (874af2fe)][0m socket hang up
[38;5;48m[AndroidUiautomator2Driver@d6f1 (874af2fe)][0m socket hang up
[38;5;48m[AndroidUiautomator2Driver@d6f1 (874af2fe)][0m Determined the downstream protocol as 'W3C'
[38;5;48m[AndroidUiautomator2Driver@d6f1 (874af2fe)][0m Screen already unlocked, doing nothing
[38;5;48m[AndroidUiautomator2Driver@d6f1 (874af2fe)][0m Starting 'com.android.settings/.Settings and waiting for 'com.android.settings/.Settings'
[38;5;16m[AppiumDriver@fe39][0m New AndroidUiautomator2Driver session created successfully, session 874af2fe-4e02-4329-bddf-3fd307b5f09f added to master session list
[38;5;0m[HTTP][0m [37m<-- POST /wd/hub/session [39m[32m200[39m [90m12969 ms - 1133[39m
[38;5;0m[HTTP][0m [90m[39m
[38;5;0m[HTTP][0m [37m-->[39m [37mGET[39m [37m/wd/hub/session/874af2fe-4e02-4329-bddf-3fd307b5f09f[39m
[38;5;0m[HTTP][0m [90m{}[39m
[38;5;0m[HTTP][0m [37m<-- GET /wd/hub/session/874af2fe-4e02-4329-bddf-3fd307b5f09f [39m[32m200[39m [90m26 ms - 341[39m
[38;5;0m[HTTP][0m [90m[39m
[38;5;0m[HTTP][0m [37m-->[39m [37mGET[39m [37m/wd/hub/session/874af2fe-4e02-4329-bddf-3fd307b5f09f[39m
[38;5;0m[HTTP][0m [90m{}[39m
[38;5;0m[HTTP][0m [37m<-- GET /wd/hub/session/874af2fe-4e02-4329-bddf-3fd307b5f09f [39m[32m200[39m [90m23 ms - 341[39m
[38;5;0m[HTTP][0m [90m[39m
[38;5;0m[HTTP][0m [37m-->[39m [37mGET[39m [37m/wd/hub/status[39m
[38;5;0m[HTTP][0m [90m{}[39m
[38;5;0m[HTTP][0m [37m<-- GET /wd/hub/status [39m[32m200[39m [90m3 ms - 110[39m
[38;5;0m[HTTP][0m [90m[39m
[38;5;0m[HTTP][0m [37m-->[39m [37mPOST[39m [37m/wd/hub/session/874af2fe-4e02-4329-bddf-3fd307b5f09f/timeouts[39m
[38;5;0m[HTTP][0m [90m{"implicit":60000}[39m
[38;5;0m[HTTP][0m [37m<-- POST /wd/hub/session/874af2fe-4e02-4329-bddf-3fd307b5f09f/timeouts [39m[32m200[39m [90m8 ms - 14[39m
[38;5;0m[HTTP][0m [90m[39m
[38;5;0m[HTTP][0m [37m-->[39m [37mGET[39m [37m/wd/hub/session/874af2fe-4e02-4329-bddf-3fd307b5f09f/appium/device/system_bars[39m
[38;5;0m[HTTP][0m [90m{}[39m
[38;5;0m[HTTP][0m [37m<-- GET /wd/hub/session/874af2fe-4e02-4329-bddf-3fd307b5f09f/appium/device/system_bars [39m[32m200[39m [90m404 ms - 148[39m
[38;5;0m[HTTP][0m [90m[39m
[38;5;0m[HTTP][0m [37m-->[39m [37mPOST[39m [37m/wd/hub/session/874af2fe-4e02-4329-bddf-3fd307b5f09f/appium/device/activate_app[39m
[38;5;0m[HTTP][0m [90m{"bundleId":"com.Advantage.aShopping"}[39m
[38;5;0m[HTTP][0m [37m<-- POST /wd/hub/session/874af2fe-4e02-4329-bddf-3fd307b5f09f/appium/device/activate_app [39m[32m200[39m [90m1135 ms - 14[39m
[38;5;0m[HTTP][0m [90m[39m
[38;5;0m[HTTP][0m [37m-->[39m [37mGET[39m [37m/wd/hub/session/874af2fe-4e02-4329-bddf-3fd307b5f09f/source[39m
[38;5;0m[HTTP][0m [90m{}[39m
[38;5;48m[AndroidUiautomator2Driver@d6f1 (874af2fe)][0m Driver proxy active, passing request on via HTTP proxy
[38;5;48m[AndroidUiautomator2Driver@d6f1 (874af2fe)][0m Replacing sessionId 98905135-fb1d-4336-9bad-cc582fd23747 with 874af2fe-4e02-4329-bddf-3fd307b5f09f
[38;5;0m[HTTP][0m [37m<-- GET /wd/hub/session/874af2fe-4e02-4329-bddf-3fd307b5f09f/source [39m[32m200[39m [90m1405 ms - 13720[39m
[38;5;0m[HTTP][0m [90m[39m
[38;5;0m[HTTP][0m [37m-->[39m [37mGET[39m [37m/wd/hub/session/874af2fe-4e02-4329-bddf-3fd307b5f09f/screenshot[39m
[38;5;0m[HTTP][0m [90m{}[39m
[38;5;0m[HTTP][0m [37m<-- GET /wd/hub/session/874af2fe-4e02-4329-bddf-3fd307b5f09f/screenshot [39m[32m200[39m [90m752 ms - 889452[39m
[38;5;0m[HTTP][0m [90m[39m
[38;5;0m[HTTP][0m [37m-->[39m [37mPOST[39m [37m/wd/hub/session/874af2fe-4e02-4329-bddf-3fd307b5f09f/elements[39m
[38;5;0m[HTTP][0m [90m{"using":"xpath","value":"//*[@class = 'android.widget.ImageView' and @resource-id = 'com.Advantage.aShopping:id/imageViewMenu' and (@text = '' or . = '')]"}[39m
[38;5;0m[HTTP][0m [37m<-- POST /wd/hub/session/874af2fe-4e02-4329-bddf-3fd307b5f09f/elements [39m[32m200[39m [90m237 ms - 139[39m
[38;5;0m[HTTP][0m [90m[39m
[38;5;0m[HTTP][0m [37m-->[39m [37mGET[39m [37m/wd/hub/session/874af2fe-4e02-4329-bddf-3fd307b5f09f/window/rect[39m
[38;5;0m[HTTP][0m [90m{}[39m
[38;5;0m[HTTP][0m [37m<-- GET /wd/hub/session/874af2fe-4e02-4329-bddf-3fd307b5f09f/window/rect [39m[32m200[39m [90m14 ms - 49[39m
[38;5;0m[HTTP][0m [90m[39m
[38;5;0m[HTTP][0m [37m-->[39m [37mPOST[39m [37m/wd/hub/session/874af2fe-4e02-4329-bddf-3fd307b5f09f/elements[39m
[38;5;0m[HTTP][0m [90m{"using":"xpath","value":"//*[@class = 'android.widget.ImageView' and @resource-id = 'com.Advantage.aShopping:id/imageViewMenu' and (@text = '' or . = '')]"}[39m
[38;5;0m[HTTP][0m [37m<-- POST /wd/hub/session/874af2fe-4e02-4329-bddf-3fd307b5f09f/elements [39m[32m200[39m [90m74 ms - 139[39m
[38;5;0m[HTTP][0m [90m[39m
[38;5;0m[HTTP][0m [37m-->[39m [37mGET[39m [37m/wd/hub/session/874af2fe-4e02-4329-bddf-3fd307b5f09f/element/00000000-0000-0071-7fff-ffff0000002a/location[39m
[38;5;0m[HTTP][0m [90m{}[39m
[38;5;48m[AndroidUiautomator2Driver@d6f1 (874af2fe)][0m Driver proxy active, passing request on via HTTP proxy
[38;5;48m[AndroidUiautomator2Driver@d6f1 (874af2fe)][0m Replacing sessionId 98905135-fb1d-4336-9bad-cc582fd23747 with 874af2fe-4e02-4329-bddf-3fd307b5f09f
[38;5;0m[HTTP][0m [37m<-- GET /wd/hub/session/874af2fe-4e02-4329-bddf-3fd307b5f09f/element/00000000-0000-0071-7fff-ffff0000002a/location [39m[32m200[39m [90m23 ms - 75[39m
[38;5;0m[HTTP][0m [90m[39m
[38;5;0m[HTTP][0m [37m-->[39m [37mPOST[39m [37m/wd/hub/session/874af2fe-4e02-4329-bddf-3fd307b5f09f/element/00000000-0000-0071-7fff-ffff0000002a/click[39m
[38;5;0m[HTTP][0m [90m{"id":"00000000-0000-0071-7fff-ffff0000002a"}[39m
[38;5;0m[HTTP][0m [37m<-- POST /wd/hub/session/874af2fe-4e02-4329-bddf-3fd307b5f09f/element/00000000-0000-0071-7fff-ffff0000002a/click [39m[32m200[39m [90m40 ms - 14[39m
[38;5;0m[HTTP][0m [90m[39m
[38;5;0m[HTTP][0m [37m-->[39m [37mGET[39m [37m/wd/hub/session/874af2fe-4e02-4329-bddf-3fd307b5f09f/source[39m
[38;5;0m[HTTP][0m [90m{}[39m
[38;5;48m[AndroidUiautomator2Driver@d6f1 (874af2fe)][0m Driver proxy active, passing request on via HTTP proxy
[38;5;48m[AndroidUiautomator2Driver@d6f1 (874af2fe)][0m Replacing sessionId 98905135-fb1d-4336-9bad-cc582fd23747 with 874af2fe-4e02-4329-bddf-3fd307b5f09f
[38;5;0m[HTTP][0m [37m<-- GET /wd/hub/session/874af2fe-4e02-4329-bddf-3fd307b5f09f/source [39m[32m200[39m [90m531 ms - 29755[39m
[38;5;0m[HTTP][0m [90m[39m
[38;5;0m[HTTP][0m [37m-->[39m [37mGET[39m [37m/wd/hub/session/874af2fe-4e02-4329-bddf-3fd307b5f09f/screenshot[39m
[38;5;0m[HTTP][0m [90m{}[39m
[38;5;0m[HTTP][0m [37m<-- GET /wd/hub/session/874af2fe-4e02-4329-bddf-3fd307b5f09f/screenshot [39m[32m200[39m [90m241 ms - 265488[39m
[38;5;0m[HTTP][0m [90m[39m
[38;5;0m[HTTP][0m [37m-->[39m [37mPOST[39m [37m/wd/hub/session/874af2fe-4e02-4329-bddf-3fd307b5f09f/elements[39m
[38;5;0m[HTTP][0m [90m{"using":"xpath","value":"//*[@class = 'android.widget.LinearLayout' and @resource-id = 'com.Advantage.aShopping:id/linearLayoutLogin' and (@text = '' or . = '')]"}[39m
[38;5;0m[HTTP][0m [37m<-- POST /wd/hub/session/874af2fe-4e02-4329-bddf-3fd307b5f09f/elements [39m[32m200[39m [90m117 ms - 139[39m
[38;5;0m[HTTP][0m [90m[39m
[38;5;0m[HTTP][0m [37m-->[39m [37mGET[39m [37m/wd/hub/session/874af2fe-4e02-4329-bddf-3fd307b5f09f/window/rect[39m
[38;5;0m[HTTP][0m [90m{}[39m
[38;5;0m[HTTP][0m [37m<-- GET /wd/hub/session/874af2fe-4e02-4329-bddf-3fd307b5f09f/window/rect [39m[32m200[39m [90m10 ms - 49[39m
[38;5;0m[HTTP][0m [90m[39m
[38;5;0m[HTTP][0m [37m-->[39m [37mPOST[39m [37m/wd/hub/session/874af2fe-4e02-4329-bddf-3fd307b5f09f/elements[39m
[38;5;0m[HTTP][0m [90m{"using":"xpath","value":"//*[@class = 'android.widget.LinearLayout' and @resource-id = 'com.Advantage.aShopping:id/linearLayoutLogin' and (@text = '' or . = '')]"}[39m
[38;5;0m[HTTP][0m [37m<-- POST /wd/hub/session/874af2fe-4e02-4329-bddf-3fd307b5f09f/elements [39m[32m200[39m [90m85 ms - 139[39m
[38;5;0m[HTTP][0m [90m[39m
[38;5;0m[HTTP][0m [37m-->[39m [37mGET[39m [37m/wd/hub/session/874af2fe-4e02-4329-bddf-3fd307b5f09f/element/00000000-0000-0071-7fff-ffff00000038/location[39m
[38;5;0m[HTTP][0m [90m{}[39m
[38;5;48m[AndroidUiautomator2Driver@d6f1 (874af2fe)][0m Driver proxy active, passing request on via HTTP proxy
[38;5;48m[AndroidUiautomator2Driver@d6f1 (874af2fe)][0m Replacing sessionId 98905135-fb1d-4336-9bad-cc582fd23747 with 874af2fe-4e02-4329-bddf-3fd307b5f09f
[38;5;0m[HTTP][0m [37m<-- GET /wd/hub/session/874af2fe-4e02-4329-bddf-3fd307b5f09f/element/00000000-0000-0071-7fff-ffff00000038/location [39m[32m200[39m [90m18 ms - 76[39m
[38;5;0m[HTTP][0m [90m[39m
[38;5;0m[HTTP][0m [37m-->[39m [37mPOST[39m [37m/wd/hub/session/874af2fe-4e02-4329-bddf-3fd307b5f09f/element/00000000-0000-0071-7fff-ffff00000038/click[39m
[38;5;0m[HTTP][0m [90m{"id":"00000000-0000-0071-7fff-ffff00000038"}[39m
[38;5;0m[HTTP][0m [37m<-- POST /wd/hub/session/874af2fe-4e02-4329-bddf-3fd307b5f09f/element/00000000-0000-0071-7fff-ffff00000038/click [39m[32m200[39m [90m40 ms - 14[39m
[38;5;0m[HTTP][0m [90m[39m
[38;5;0m[HTTP][0m [37m-->[39m [37mGET[39m [37m/wd/hub/session/874af2fe-4e02-4329-bddf-3fd307b5f09f/source[39m
[38;5;0m[HTTP][0m [90m{}[39m
[38;5;48m[AndroidUiautomator2Driver@d6f1 (874af2fe)][0m Driver proxy active, passing request on via HTTP proxy
[38;5;48m[AndroidUiautomator2Driver@d6f1 (874af2fe)][0m Replacing sessionId 98905135-fb1d-4336-9bad-cc582fd23747 with 874af2fe-4e02-4329-bddf-3fd307b5f09f
[38;5;0m[HTTP][0m [37m<-- GET /wd/hub/session/874af2fe-4e02-4329-bddf-3fd307b5f09f/source [39m[32m200[39m [90m486 ms - 15283[39m
[38;5;0m[HTTP][0m [90m[39m
[38;5;0m[HTTP][0m [37m-->[39m [37mGET[39m [37m/wd/hub/session/874af2fe-4e02-4329-bddf-3fd307b5f09f/screenshot[39m
[38;5;0m[HTTP][0m [90m{}[39m
[38;5;0m[HTTP][0m [37m<-- GET /wd/hub/session/874af2fe-4e02-4329-bddf-3fd307b5f09f/screenshot [39m[32m200[39m [90m173 ms - 72560[39m
[38;5;0m[HTTP][0m [90m[39m
[38;5;0m[HTTP][0m [37m-->[39m [37mPOST[39m [37m/wd/hub/session/874af2fe-4e02-4329-bddf-3fd307b5f09f/elements[39m
[38;5;0m[HTTP][0m [90m{"using":"xpath","value":"//*[@class = 'android.widget.TextView' and (@text = 'SIGN UP TODAY' or . = 'SIGN UP TODAY') and @resource-id = 'com.Advantage.aShopping:id/textViewSingUpToday']"}[39m
[38;5;0m[HTTP][0m [37m<-- POST /wd/hub/session/874af2fe-4e02-4329-bddf-3fd307b5f09f/elements [39m[32m200[39m [90m115 ms - 139[39m
[38;5;0m[HTTP][0m [90m[39m
[38;5;0m[HTTP][0m [37m-->[39m [37mGET[39m [37m/wd/hub/session/874af2fe-4e02-4329-bddf-3fd307b5f09f/window/rect[39m
[38;5;0m[HTTP][0m [90m{}[39m
[38;5;0m[HTTP][0m [37m<-- GET /wd/hub/session/874af2fe-4e02-4329-bddf-3fd307b5f09f/window/rect [39m[32m200[39m [90m10 ms - 49[39m
[38;5;0m[HTTP][0m [90m[39m
[38;5;0m[HTTP][0m [37m-->[39m [37mPOST[39m [37m/wd/hub/session/874af2fe-4e02-4329-bddf-3fd307b5f09f/elements[39m
[38;5;0m[HTTP][0m [90m{"using":"xpath","value":"//*[@class = 'android.widget.TextView' and (@text = 'SIGN UP TODAY' or . = 'SIGN UP TODAY') and @resource-id = 'com.Advantage.aShopping:id/textViewSingUpToday']"}[39m
[38;5;0m[HTTP][0m [37m<-- POST /wd/hub/session/874af2fe-4e02-4329-bddf-3fd307b5f09f/elements [39m[32m200[39m [90m46 ms - 139[39m
[38;5;0m[HTTP][0m [90m[39m
[38;5;0m[HTTP][0m [37m-->[39m [37mGET[39m [37m/wd/hub/session/874af2fe-4e02-4329-bddf-3fd307b5f09f/element/00000000-0000-0079-7fff-ffff00000129/location[39m
[38;5;0m[HTTP][0m [90m{}[39m
[38;5;48m[AndroidUiautomator2Driver@d6f1 (874af2fe)][0m Driver proxy active, passing request on via HTTP proxy
[38;5;48m[AndroidUiautomator2Driver@d6f1 (874af2fe)][0m Replacing sessionId 98905135-fb1d-4336-9bad-cc582fd23747 with 874af2fe-4e02-4329-bddf-3fd307b5f09f
[38;5;0m[HTTP][0m [37m<-- GET /wd/hub/session/874af2fe-4e02-4329-bddf-3fd307b5f09f/element/00000000-0000-0079-7fff-ffff00000129/location [39m[32m200[39m [90m17 ms - 79[39m
[38;5;0m[HTTP][0m [90m[39m
[38;5;0m[HTTP][0m [37m-->[39m [37mPOST[39m [37m/wd/hub/session/874af2fe-4e02-4329-bddf-3fd307b5f09f/element/00000000-0000-0079-7fff-ffff00000129/click[39m
[38;5;0m[HTTP][0m [90m{"id":"00000000-0000-0079-7fff-ffff00000129"}[39m
[38;5;0m[HTTP][0m [37m<-- POST /wd/hub/session/874af2fe-4e02-4329-bddf-3fd307b5f09f/element/00000000-0000-0079-7fff-ffff00000129/click [39m[32m200[39m [90m43 ms - 14[39m
[38;5;0m[HTTP][0m [90m[39m
[38;5;0m[HTTP][0m [37m-->[39m [37mGET[39m [37m/wd/hub/session/874af2fe-4e02-4329-bddf-3fd307b5f09f/source[39m
[38;5;0m[HTTP][0m [90m{}[39m
[38;5;48m[AndroidUiautomator2Driver@d6f1 (874af2fe)][0m Driver proxy active, passing request on via HTTP proxy
[38;5;48m[AndroidUiautomator2Driver@d6f1 (874af2fe)][0m Replacing sessionId 98905135-fb1d-4336-9bad-cc582fd23747 with 874af2fe-4e02-4329-bddf-3fd307b5f09f
[38;5;0m[HTTP][0m [37m<-- GET /wd/hub/session/874af2fe-4e02-4329-bddf-3fd307b5f09f/source [39m[32m200[39m [90m409 ms - 24486[39m
[38;5;0m[HTTP][0m [90m[39m
[38;5;0m[HTTP][0m [37m-->[39m [37mGET[39m [37m/wd/hub/session/874af2fe-4e02-4329-bddf-3fd307b5f09f/screenshot[39m
[38;5;0m[HTTP][0m [90m{}[39m
[38;5;0m[HTTP][0m [37m<-- GET /wd/hub/session/874af2fe-4e02-4329-bddf-3fd307b5f09f/screenshot [39m[32m200[39m [90m252 ms - 78324[39m
[38;5;0m[HTTP][0m [90m[39m
[38;5;0m[HTTP][0m [37m-->[39m [37mPOST[39m [37m/wd/hub/session/874af2fe-4e02-4329-bddf-3fd307b5f09f/elements[39m
[38;5;0m[HTTP][0m [90m{"using":"xpath","value":"//*[@class = 'android.widget.EditText' and (@text = '' or . = '')]"}[39m
[38;5;0m[HTTP][0m [37m<-- POST /wd/hub/session/874af2fe-4e02-4329-bddf-3fd307b5f09f/elements [39m[32m200[39m [90m61 ms - 779[39m
[38;5;0m[HTTP][0m [90m[39m
[38;5;0m[HTTP][0m [37m-->[39m [37mPOST[39m [37m/wd/hub/session/874af2fe-4e02-4329-bddf-3fd307b5f09f/elements[39m
[38;5;0m[HTTP][0m [90m{"using":"-android uiautomator","value":"new UiSelector().className(\"android.widget.EditText\")"}[39m
[38;5;0m[HTTP][0m [37m<-- POST /wd/hub/session/874af2fe-4e02-4329-bddf-3fd307b5f09f/elements [39m[32m200[39m [90m91 ms - 779[39m
[38;5;0m[HTTP][0m [90m[39m
[38;5;0m[HTTP][0m [37m-->[39m [37mGET[39m [37m/wd/hub/session/874af2fe-4e02-4329-bddf-3fd307b5f09f/window/rect[39m
[38;5;0m[HTTP][0m [90m{}[39m
[38;5;0m[HTTP][0m [37m<-- GET /wd/hub/session/874af2fe-4e02-4329-bddf-3fd307b5f09f/window/rect [39m[32m200[39m [90m10 ms - 49[39m
[38;5;0m[HTTP][0m [90m[39m
[38;5;0m[HTTP][0m [37m-->[39m [37mPOST[39m [37m/wd/hub/session/874af2fe-4e02-4329-bddf-3fd307b5f09f/elements[39m
[38;5;0m[HTTP][0m [90m{"using":"xpath","value":"//hierarchy/android.widget.FrameLayout[1]/android.widget.LinearLayout[1]/android.widget.FrameLayout[1]/android.widget.LinearLayout[1]/android.widget.FrameLayout[1]/androidx.drawerlayout.widget.DrawerLayout[1]/android.view.ViewGroup[1]/android.widget.LinearLayout[2]/android.widget.ScrollView[1]/android.widget.LinearLayout[1]/android.widget.LinearLayout[1]/android.widget.LinearLayout[1]/android.widget.LinearLayout[1]/android.widget.RelativeLayout[1]/android.widget.EditText[1]"}[39m
[38;5;0m[HTTP][0m [37m<-- POST /wd/hub/session/874af2fe-4e02-4329-bddf-3fd307b5f09f/elements [39m[32m200[39m [90m51 ms - 139[39m
[38;5;0m[HTTP][0m [90m[39m
[38;5;0m[HTTP][0m [37m-->[39m [37mGET[39m [37m/wd/hub/session/874af2fe-4e02-4329-bddf-3fd307b5f09f/element/00000000-0000-0071-7fff-ffff0000015b/location[39m
[38;5;0m[HTTP][0m [90m{}[39m
[38;5;48m[AndroidUiautomator2Driver@d6f1 (874af2fe)][0m Driver proxy active, passing request on via HTTP proxy
[38;5;48m[AndroidUiautomator2Driver@d6f1 (874af2fe)][0m Replacing sessionId 98905135-fb1d-4336-9bad-cc582fd23747 with 874af2fe-4e02-4329-bddf-3fd307b5f09f
[38;5;0m[HTTP][0m [37m<-- GET /wd/hub/session/874af2fe-4e02-4329-bddf-3fd307b5f09f/element/00000000-0000-0071-7fff-ffff0000015b/location [39m[32m200[39m [90m16 ms - 77[39m
[38;5;0m[HTTP][0m [90m[39m
[38;5;0m[HTTP][0m [37m-->[39m [37mPOST[39m [37m/wd/hub/session/874af2fe-4e02-4329-bddf-3fd307b5f09f/element/00000000-0000-0071-7fff-ffff0000015b/click[39m
[38;5;0m[HTTP][0m [90m{"id":"00000000-0000-0071-7fff-ffff0000015b"}[39m
[38;5;0m[HTTP][0m [37m<-- POST /wd/hub/session/874af2fe-4e02-4329-bddf-3fd307b5f09f/element/00000000-0000-0071-7fff-ffff0000015b/click [39m[32m200[39m [90m37 ms - 14[39m
[38;5;0m[HTTP][0m [90m[39m
[38;5;0m[HTTP][0m [37m-->[39m [37mGET[39m [37m/wd/hub/session/874af2fe-4e02-4329-bddf-3fd307b5f09f/source[39m
[38;5;0m[HTTP][0m [90m{}[39m
[38;5;48m[AndroidUiautomator2Driver@d6f1 (874af2fe)][0m Driver proxy active, passing request on via HTTP proxy
[38;5;48m[AndroidUiautomator2Driver@d6f1 (874af2fe)][0m Replacing sessionId 98905135-fb1d-4336-9bad-cc582fd23747 with 874af2fe-4e02-4329-bddf-3fd307b5f09f
[38;5;0m[HTTP][0m [37m<-- GET /wd/hub/session/874af2fe-4e02-4329-bddf-3fd307b5f09f/source [39m[32m200[39m [90m525 ms - 14746[39m
[38;5;0m[HTTP][0m [90m[39m
[38;5;0m[HTTP][0m [37m-->[39m [37mGET[39m [37m/wd/hub/session/874af2fe-4e02-4329-bddf-3fd307b5f09f/screenshot[39m
[38;5;0m[HTTP][0m [90m{}[39m
[38;5;0m[HTTP][0m [37m<-- GET /wd/hub/session/874af2fe-4e02-4329-bddf-3fd307b5f09f/screenshot [39m[32m200[39m [90m160 ms - 102748[39m
[38;5;0m[HTTP][0m [90m[39m
[38;5;0m[HTTP][0m [37m-->[39m [37mGET[39m [37m/wd/hub/session/874af2fe-4e02-4329-bddf-3fd307b5f09f/window/rect[39m
[38;5;0m[HTTP][0m [90m{}[39m
[38;5;0m[HTTP][0m [37m<-- GET /wd/hub/session/874af2fe-4e02-4329-bddf-3fd307b5f09f/window/rect [39m[32m200[39m [90m11 ms - 49[39m
[38;5;0m[HTTP][0m [90m[39m
[38;5;0m[HTTP][0m [37m-->[39m [37mPOST[39m [37m/wd/hub/session/874af2fe-4e02-4329-bddf-3fd307b5f09f/elements[39m
[38;5;0m[HTTP][0m [90m{"using":"xpath","value":"//hierarchy/android.widget.FrameLayout[1]/android.widget.LinearLayout[1]/android.widget.FrameLayout[1]/android.widget.LinearLayout[1]/android.widget.FrameLayout[1]/androidx.drawerlayout.widget.DrawerLayout[1]/android.view.ViewGroup[1]/android.widget.LinearLayout[2]/android.widget.ScrollView[1]/android.widget.LinearLayout[1]/android.widget.LinearLayout[1]/android.widget.LinearLayout[1]/android.widget.LinearLayout[1]/android.widget.RelativeLayout[1]/android.widget.EditText[1]"}[39m
[38;5;0m[HTTP][0m [37m<-- POST /wd/hub/session/874af2fe-4e02-4329-bddf-3fd307b5f09f/elements [39m[32m200[39m [90m44 ms - 139[39m
[38;5;0m[HTTP][0m [90m[39m
[38;5;0m[HTTP][0m [37m-->[39m [37mGET[39m [37m/wd/hub/session/874af2fe-4e02-4329-bddf-3fd307b5f09f/element/00000000-0000-0071-7fff-ffff0000015b/location[39m
[38;5;0m[HTTP][0m [90m{}[39m
[38;5;48m[AndroidUiautomator2Driver@d6f1 (874af2fe)][0m Driver proxy active, passing request on via HTTP proxy
[38;5;48m[AndroidUiautomator2Driver@d6f1 (874af2fe)][0m Replacing sessionId 98905135-fb1d-4336-9bad-cc582fd23747 with 874af2fe-4e02-4329-bddf-3fd307b5f09f
[38;5;0m[HTTP][0m [37m<-- GET /wd/hub/session/874af2fe-4e02-4329-bddf-3fd307b5f09f/element/00000000-0000-0071-7fff-ffff0000015b/location [39m[32m200[39m [90m16 ms - 77[39m
[38;5;0m[HTTP][0m [90m[39m
[38;5;0m[HTTP][0m [37m-->[39m [37mPOST[39m [37m/wd/hub/session/874af2fe-4e02-4329-bddf-3fd307b5f09f/element/00000000-0000-0071-7fff-ffff0000015b/clear[39m
[38;5;0m[HTTP][0m [90m{"id":"00000000-0000-0071-7fff-ffff0000015b"}[39m
[38;5;0m[HTTP][0m [37m<-- POST /wd/hub/session/874af2fe-4e02-4329-bddf-3fd307b5f09f/element/00000000-0000-0071-7fff-ffff0000015b/clear [39m[32m200[39m [90m25 ms - 14[39m
[38;5;0m[HTTP][0m [90m[39m
[38;5;0m[HTTP][0m [37m-->[39m [37mPOST[39m [37m/wd/hub/session/874af2fe-4e02-4329-bddf-3fd307b5f09f/element/00000000-0000-0071-7fff-ffff0000015b/click[39m
[38;5;0m[HTTP][0m [90m{"id":"00000000-0000-0071-7fff-ffff0000015b"}[39m
[38;5;0m[HTTP][0m [37m<-- POST /wd/hub/session/874af2fe-4e02-4329-bddf-3fd307b5f09f/element/00000000-0000-0071-7fff-ffff0000015b/click [39m[32m200[39m [90m757 ms - 14[39m
[38;5;0m[HTTP][0m [90m[39m
[38;5;0m[HTTP][0m [37m-->[39m [37mPOST[39m [37m/wd/hub/session/874af2fe-4e02-4329-bddf-3fd307b5f09f/element/00000000-0000-0071-7fff-ffff0000015b/value[39m
[38;5;0m[HTTP][0m [90m{"id":"00000000-0000-0071-7fff-ffff0000015b","text":"Lalayeye","value":["L","a","l","a","y","e","y","e"]}[39m
[38;5;0m[HTTP][0m [37m<-- POST /wd/hub/session/874af2fe-4e02-4329-bddf-3fd307b5f09f/element/00000000-0000-0071-7fff-ffff0000015b/value [39m[32m200[39m [90m529 ms - 14[39m
[38;5;0m[HTTP][0m [90m[39m
[38;5;0m[HTTP][0m [37m-->[39m [37mGET[39m [37m/wd/hub/session/874af2fe-4e02-4329-bddf-3fd307b5f09f/source[39m
[38;5;0m[HTTP][0m [90m{}[39m
[38;5;48m[AndroidUiautomator2Driver@d6f1 (874af2fe)][0m Driver proxy active, passing request on via HTTP proxy
[38;5;48m[AndroidUiautomator2Driver@d6f1 (874af2fe)][0m Replacing sessionId 98905135-fb1d-4336-9bad-cc582fd23747 with 874af2fe-4e02-4329-bddf-3fd307b5f09f
[38;5;0m[HTTP][0m [37m<-- GET /wd/hub/session/874af2fe-4e02-4329-bddf-3fd307b5f09f/source [39m[32m200[39m [90m253 ms - 14754[39m
[38;5;0m[HTTP][0m [90m[39m
[38;5;0m[HTTP][0m [37m-->[39m [37mGET[39m [37m/wd/hub/session/874af2fe-4e02-4329-bddf-3fd307b5f09f/screenshot[39m
[38;5;0m[HTTP][0m [90m{}[39m
[38;5;0m[HTTP][0m [37m<-- GET /wd/hub/session/874af2fe-4e02-4329-bddf-3fd307b5f09f/screenshot [39m[32m200[39m [90m179 ms - 106400[39m
[38;5;0m[HTTP][0m [90m[39m
[38;5;0m[HTTP][0m [37m-->[39m [37mPOST[39m [37m/wd/hub/session/874af2fe-4e02-4329-bddf-3fd307b5f09f/elements[39m
[38;5;0m[HTTP][0m [90m{"using":"xpath","value":"//*[@class = 'android.widget.EditText' and (@text = '' or . = '')]"}[39m
[38;5;0m[HTTP][0m [37m<-- POST /wd/hub/session/874af2fe-4e02-4329-bddf-3fd307b5f09f/elements [39m[32m200[39m [90m47 ms - 267[39m
[38;5;0m[HTTP][0m [90m[39m
[38;5;0m[HTTP][0m [37m-->[39m [37mPOST[39m [37m/wd/hub/session/874af2fe-4e02-4329-bddf-3fd307b5f09f/elements[39m
[38;5;0m[HTTP][0m [90m{"using":"-android uiautomator","value":"new UiSelector().className(\"android.widget.EditText\")"}[39m
[38;5;0m[HTTP][0m [37m<-- POST /wd/hub/session/874af2fe-4e02-4329-bddf-3fd307b5f09f/elements [39m[32m200[39m [90m42 ms - 267[39m
[38;5;0m[HTTP][0m [90m[39m
[38;5;0m[HTTP][0m [37m-->[39m [37mGET[39m [37m/wd/hub/session/874af2fe-4e02-4329-bddf-3fd307b5f09f/window/rect[39m
[38;5;0m[HTTP][0m [90m{}[39m
[38;5;0m[HTTP][0m [37m<-- GET /wd/hub/session/874af2fe-4e02-4329-bddf-3fd307b5f09f/window/rect [39m[32m200[39m [90m9 ms - 49[39m
[38;5;0m[HTTP][0m [90m[39m
[38;5;0m[HTTP][0m [37m-->[39m [37mPOST[39m [37m/wd/hub/session/874af2fe-4e02-4329-bddf-3fd307b5f09f/elements[39m
[38;5;0m[HTTP][0m [90m{"using":"xpath","value":"//hierarchy/android.widget.FrameLayout[1]/android.widget.LinearLayout[1]/android.widget.FrameLayout[1]/android.widget.LinearLayout[1]/android.widget.FrameLayout[1]/androidx.drawerlayout.widget.DrawerLayout[1]/android.view.ViewGroup[1]/android.widget.LinearLayout[2]/android.widget.ScrollView[1]/android.widget.LinearLayout[1]/android.widget.LinearLayout[1]/android.widget.LinearLayout[1]/android.widget.LinearLayout[2]/android.widget.RelativeLayout[1]/android.widget.EditText[1]"}[39m
[38;5;0m[HTTP][0m [37m<-- POST /wd/hub/session/874af2fe-4e02-4329-bddf-3fd307b5f09f/elements [39m[32m200[39m [90m42 ms - 139[39m
[38;5;0m[HTTP][0m [90m[39m
[38;5;0m[HTTP][0m [37m-->[39m [37mGET[39m [37m/wd/hub/session/874af2fe-4e02-4329-bddf-3fd307b5f09f/element/00000000-0000-0071-7fff-ffff00000158/location[39m
[38;5;0m[HTTP][0m [90m{}[39m
[38;5;48m[AndroidUiautomator2Driver@d6f1 (874af2fe)][0m Driver proxy active, passing request on via HTTP proxy
[38;5;48m[AndroidUiautomator2Driver@d6f1 (874af2fe)][0m Replacing sessionId 98905135-fb1d-4336-9bad-cc582fd23747 with 874af2fe-4e02-4329-bddf-3fd307b5f09f
[38;5;0m[HTTP][0m [37m<-- GET /wd/hub/session/874af2fe-4e02-4329-bddf-3fd307b5f09f/element/00000000-0000-0071-7fff-ffff00000158/location [39m[32m200[39m [90m17 ms - 77[39m
[38;5;0m[HTTP][0m [90m[39m
[38;5;0m[HTTP][0m [37m-->[39m [37mPOST[39m [37m/wd/hub/session/874af2fe-4e02-4329-bddf-3fd307b5f09f/element/00000000-0000-0071-7fff-ffff00000158/click[39m
[38;5;0m[HTTP][0m [90m{"id":"00000000-0000-0071-7fff-ffff00000158"}[39m
[38;5;0m[HTTP][0m [37m<-- POST /wd/hub/session/874af2fe-4e02-4329-bddf-3fd307b5f09f/element/00000000-0000-0071-7fff-ffff00000158/click [39m[32m200[39m [90m36 ms - 14[39m
[38;5;0m[HTTP][0m [90m[39m
[38;5;0m[HTTP][0m [37m-->[39m [37mGET[39m [37m/wd/hub/session/874af2fe-4e02-4329-bddf-3fd307b5f09f/source[39m
[38;5;0m[HTTP][0m [90m{}[39m
[38;5;48m[AndroidUiautomator2Driver@d6f1 (874af2fe)][0m Driver proxy active, passing request on via HTTP proxy
[38;5;48m[AndroidUiautomator2Driver@d6f1 (874af2fe)][0m Replacing sessionId 98905135-fb1d-4336-9bad-cc582fd23747 with 874af2fe-4e02-4329-bddf-3fd307b5f09f
[38;5;0m[HTTP][0m [37m<-- GET /wd/hub/session/874af2fe-4e02-4329-bddf-3fd307b5f09f/source [39m[32m200[39m [90m206 ms - 14754[39m
[38;5;0m[HTTP][0m [90m[39m
[38;5;0m[HTTP][0m [37m-->[39m [37mGET[39m [37m/wd/hub/session/874af2fe-4e02-4329-bddf-3fd307b5f09f/screenshot[39m
[38;5;0m[HTTP][0m [90m{}[39m
[38;5;0m[HTTP][0m [37m<-- GET /wd/hub/session/874af2fe-4e02-4329-bddf-3fd307b5f09f/screenshot [39m[32m200[39m [90m159 ms - 106588[39m
[38;5;0m[HTTP][0m [90m[39m
[38;5;0m[HTTP][0m [37m-->[39m [37mGET[39m [37m/wd/hub/session/874af2fe-4e02-4329-bddf-3fd307b5f09f/window/rect[39m
[38;5;0m[HTTP][0m [90m{}[39m
[38;5;0m[HTTP][0m [37m<-- GET /wd/hub/session/874af2fe-4e02-4329-bddf-3fd307b5f09f/window/rect [39m[32m200[39m [90m10 ms - 49[39m
[38;5;0m[HTTP][0m [90m[39m
[38;5;0m[HTTP][0m [37m-->[39m [37mPOST[39m [37m/wd/hub/session/874af2fe-4e02-4329-bddf-3fd307b5f09f/elements[39m
[38;5;0m[HTTP][0m [90m{"using":"xpath","value":"//hierarchy/android.widget.FrameLayout[1]/android.widget.LinearLayout[1]/android.widget.FrameLayout[1]/android.widget.LinearLayout[1]/android.widget.FrameLayout[1]/androidx.drawerlayout.widget.DrawerLayout[1]/android.view.ViewGroup[1]/android.widget.LinearLayout[2]/android.widget.ScrollView[1]/android.widget.LinearLayout[1]/android.widget.LinearLayout[1]/android.widget.LinearLayout[1]/android.widget.LinearLayout[2]/android.widget.RelativeLayout[1]/android.widget.EditText[1]"}[39m
[38;5;0m[HTTP][0m [37m<-- POST /wd/hub/session/874af2fe-4e02-4329-bddf-3fd307b5f09f/elements [39m[32m200[39m [90m44 ms - 139[39m
[38;5;0m[HTTP][0m [90m[39m
[38;5;0m[HTTP][0m [37m-->[39m [37mGET[39m [37m/wd/hub/session/874af2fe-4e02-4329-bddf-3fd307b5f09f/element/00000000-0000-0071-7fff-ffff00000158/location[39m
[38;5;0m[HTTP][0m [90m{}[39m
[38;5;48m[AndroidUiautomator2Driver@d6f1 (874af2fe)][0m Driver proxy active, passing request on via HTTP proxy
[38;5;48m[AndroidUiautomator2Driver@d6f1 (874af2fe)][0m Replacing sessionId 98905135-fb1d-4336-9bad-cc582fd23747 with 874af2fe-4e02-4329-bddf-3fd307b5f09f
[38;5;0m[HTTP][0m [37m<-- GET /wd/hub/session/874af2fe-4e02-4329-bddf-3fd307b5f09f/element/00000000-0000-0071-7fff-ffff00000158/location [39m[32m200[39m [90m17 ms - 77[39m
[38;5;0m[HTTP][0m [90m[39m
[38;5;0m[HTTP][0m [37m-->[39m [37mPOST[39m [37m/wd/hub/session/874af2fe-4e02-4329-bddf-3fd307b5f09f/element/00000000-0000-0071-7fff-ffff00000158/clear[39m
[38;5;0m[HTTP][0m [90m{"id":"00000000-0000-0071-7fff-ffff00000158"}[39m
[38;5;0m[HTTP][0m [37m<-- POST /wd/hub/session/874af2fe-4e02-4329-bddf-3fd307b5f09f/element/00000000-0000-0071-7fff-ffff00000158/clear [39m[32m200[39m [90m24 ms - 14[39m
[38;5;0m[HTTP][0m [90m[39m
[38;5;0m[HTTP][0m [37m-->[39m [37mPOST[39m [37m/wd/hub/session/874af2fe-4e02-4329-bddf-3fd307b5f09f/element/00000000-0000-0071-7fff-ffff00000158/click[39m
[38;5;0m[HTTP][0m [90m{"id":"00000000-0000-0071-7fff-ffff00000158"}[39m
[38;5;0m[HTTP][0m [37m<-- POST /wd/hub/session/874af2fe-4e02-4329-bddf-3fd307b5f09f/element/00000000-0000-0071-7fff-ffff00000158/click [39m[32m200[39m [90m644 ms - 14[39m
[38;5;0m[HTTP][0m [90m[39m
[38;5;0m[HTTP][0m [37m-->[39m [37mPOST[39m [37m/wd/hub/session/874af2fe-4e02-4329-bddf-3fd307b5f09f/element/00000000-0000-0071-7fff-ffff00000158/value[39m
[38;5;0m[HTTP][0m [90m{"id":"00000000-0000-0071-7fff-ffff00000158","text":"lalayeye@gmail.com","value":["l","a","l","a","y","e","y","e","@","g","m","a","i","l",".","c","o","m"]}[39m
[38;5;0m[HTTP][0m [37m<-- POST /wd/hub/session/874af2fe-4e02-4329-bddf-3fd307b5f09f/element/00000000-0000-0071-7fff-ffff00000158/value [39m[32m200[39m [90m524 ms - 14[39m
[38;5;0m[HTTP][0m [90m[39m
[38;5;0m[HTTP][0m [37m-->[39m [37mGET[39m [37m/wd/hub/session/874af2fe-4e02-4329-bddf-3fd307b5f09f/source[39m
[38;5;0m[HTTP][0m [90m{}[39m
[38;5;48m[AndroidUiautomator2Driver@d6f1 (874af2fe)][0m Driver proxy active, passing request on via HTTP proxy
[38;5;48m[AndroidUiautomator2Driver@d6f1 (874af2fe)][0m Replacing sessionId 98905135-fb1d-4336-9bad-cc582fd23747 with 874af2fe-4e02-4329-bddf-3fd307b5f09f
[38;5;0m[HTTP][0m [37m<-- GET /wd/hub/session/874af2fe-4e02-4329-bddf-3fd307b5f09f/source [39m[32m200[39m [90m168 ms - 14772[39m
[38;5;0m[HTTP][0m [90m[39m
[38;5;0m[HTTP][0m [37m-->[39m [37mGET[39m [37m/wd/hub/session/874af2fe-4e02-4329-bddf-3fd307b5f09f/screenshot[39m
[38;5;0m[HTTP][0m [90m{}[39m
[38;5;0m[HTTP][0m [37m<-- GET /wd/hub/session/874af2fe-4e02-4329-bddf-3fd307b5f09f/screenshot [39m[32m200[39m [90m179 ms - 113368[39m
[38;5;0m[HTTP][0m [90m[39m
[38;5;0m[HTTP][0m [37m-->[39m [37mGET[39m [37m/wd/hub/session/874af2fe-4e02-4329-bddf-3fd307b5f09f/context[39m
[38;5;0m[HTTP][0m [90m{}[39m
[38;5;0m[HTTP][0m [37m<-- GET /wd/hub/session/874af2fe-4e02-4329-bddf-3fd307b5f09f/context [39m[32m200[39m [90m1 ms - 22[39m
[38;5;0m[HTTP][0m [90m[39m
[38;5;0m[HTTP][0m [37m-->[39m [37mGET[39m [37m/wd/hub/session/874af2fe-4e02-4329-bddf-3fd307b5f09f/contexts[39m
[38;5;0m[HTTP][0m [90m{}[39m
[38;5;0m[HTTP][0m [37m<-- GET /wd/hub/session/874af2fe-4e02-4329-bddf-3fd307b5f09f/contexts [39m[32m200[39m [90m357 ms - 24[39m
[38;5;0m[HTTP][0m [90m[39m
[38;5;0m[HTTP][0m [37m-->[39m [37mPOST[39m [37m/wd/hub/session/874af2fe-4e02-4329-bddf-3fd307b5f09f/context[39m
[38;5;0m[HTTP][0m [90m{"name":"NATIVE_APP"}[39m
[38;5;0m[HTTP][0m [37m<-- POST /wd/hub/session/874af2fe-4e02-4329-bddf-3fd307b5f09f/context [39m[32m200[39m [90m1 ms - 14[39m
[38;5;0m[HTTP][0m [90m[39m
[38;5;0m[HTTP][0m [37m-->[39m [37mPOST[39m [37m/wd/hub/session/874af2fe-4e02-4329-bddf-3fd307b5f09f/appium/device/hide_keyboard[39m
[38;5;0m[HTTP][0m [90m{}[39m
[38;5;0m[HTTP][0m [37m<-- POST /wd/hub/session/874af2fe-4e02-4329-bddf-3fd307b5f09f/appium/device/hide_keyboard [39m[32m200[39m [90m584 ms - 14[39m
[38;5;0m[HTTP][0m [90m[39m
[38;5;0m[HTTP][0m [37m-->[39m [37mPOST[39m [37m/wd/hub/session/874af2fe-4e02-4329-bddf-3fd307b5f09f/context[39m
[38;5;0m[HTTP][0m [90m{"name":"NATIVE_APP"}[39m
[38;5;0m[HTTP][0m [37m<-- POST /wd/hub/session/874af2fe-4e02-4329-bddf-3fd307b5f09f/context [39m[32m200[39m [90m2 ms - 14[39m
[38;5;0m[HTTP][0m [90m[39m
[38;5;0m[HTTP][0m [37m-->[39m [37mGET[39m [37m/wd/hub/session/874af2fe-4e02-4329-bddf-3fd307b5f09f/source[39m
[38;5;0m[HTTP][0m [90m{}[39m
[38;5;48m[AndroidUiautomator2Driver@d6f1 (874af2fe)][0m Driver proxy active, passing request on via HTTP proxy
[38;5;48m[AndroidUiautomator2Driver@d6f1 (874af2fe)][0m Replacing sessionId 98905135-fb1d-4336-9bad-cc582fd23747 with 874af2fe-4e02-4329-bddf-3fd307b5f09f
[38;5;0m[HTTP][0m [37m<-- GET /wd/hub/session/874af2fe-4e02-4329-bddf-3fd307b5f09f/source [39m[32m200[39m [90m133 ms - 24512[39m
[38;5;0m[HTTP][0m [90m[39m
[38;5;0m[HTTP][0m [37m-->[39m [37mGET[39m [37m/wd/hub/session/874af2fe-4e02-4329-bddf-3fd307b5f09f/screenshot[39m
[38;5;0m[HTTP][0m [90m{}[39m
[38;5;0m[HTTP][0m [37m<-- GET /wd/hub/session/874af2fe-4e02-4329-bddf-3fd307b5f09f/screenshot [39m[32m200[39m [90m199 ms - 88580[39m
[38;5;0m[HTTP][0m [90m[39m
[38;5;0m[HTTP][0m [37m-->[39m [37mPOST[39m [37m/wd/hub/session/874af2fe-4e02-4329-bddf-3fd307b5f09f/elements[39m
[38;5;0m[HTTP][0m [90m{"using":"xpath","value":"//*[@class = 'android.widget.EditText' and (@text = '' or . = '')]"}[39m
[38;5;0m[HTTP][0m [37m<-- POST /wd/hub/session/874af2fe-4e02-4329-bddf-3fd307b5f09f/elements [39m[32m200[39m [90m72 ms - 779[39m
[38;5;0m[HTTP][0m [90m[39m
[38;5;0m[HTTP][0m [37m-->[39m [37mPOST[39m [37m/wd/hub/session/874af2fe-4e02-4329-bddf-3fd307b5f09f/elements[39m
[38;5;0m[HTTP][0m [90m{"using":"-android uiautomator","value":"new UiSelector().className(\"android.widget.EditText\")"}[39m
[38;5;0m[HTTP][0m [37m<-- POST /wd/hub/session/874af2fe-4e02-4329-bddf-3fd307b5f09f/elements [39m[32m200[39m [90m84 ms - 779[39m
[38;5;0m[HTTP][0m [90m[39m
[38;5;0m[HTTP][0m [37m-->[39m [37mGET[39m [37m/wd/hub/session/874af2fe-4e02-4329-bddf-3fd307b5f09f/window/rect[39m
[38;5;0m[HTTP][0m [90m{}[39m
[38;5;0m[HTTP][0m [37m<-- GET /wd/hub/session/874af2fe-4e02-4329-bddf-3fd307b5f09f/window/rect [39m[32m200[39m [90m12 ms - 49[39m
[38;5;0m[HTTP][0m [90m[39m
[38;5;0m[HTTP][0m [37m-->[39m [37mPOST[39m [37m/wd/hub/session/874af2fe-4e02-4329-bddf-3fd307b5f09f/elements[39m
[38;5;0m[HTTP][0m [90m{"using":"xpath","value":"//hierarchy/android.widget.FrameLayout[1]/android.widget.LinearLayout[1]/android.widget.FrameLayout[1]/android.widget.LinearLayout[1]/android.widget.FrameLayout[1]/androidx.drawerlayout.widget.DrawerLayout[1]/android.view.ViewGroup[1]/android.widget.LinearLayout[2]/android.widget.ScrollView[1]/android.widget.LinearLayout[1]/android.widget.LinearLayout[1]/android.widget.LinearLayout[1]/android.widget.LinearLayout[3]/android.widget.RelativeLayout[1]/android.widget.EditText[1]"}[39m
[38;5;0m[HTTP][0m [37m<-- POST /wd/hub/session/874af2fe-4e02-4329-bddf-3fd307b5f09f/elements [39m[32m200[39m [90m52 ms - 139[39m
[38;5;0m[HTTP][0m [90m[39m
[38;5;0m[HTTP][0m [37m-->[39m [37mGET[39m [37m/wd/hub/session/874af2fe-4e02-4329-bddf-3fd307b5f09f/element/00000000-0000-0071-7fff-ffff00000161/location[39m
[38;5;0m[HTTP][0m [90m{}[39m
[38;5;48m[AndroidUiautomator2Driver@d6f1 (874af2fe)][0m Driver proxy active, passing request on via HTTP proxy
[38;5;48m[AndroidUiautomator2Driver@d6f1 (874af2fe)][0m Replacing sessionId 98905135-fb1d-4336-9bad-cc582fd23747 with 874af2fe-4e02-4329-bddf-3fd307b5f09f
[38;5;0m[HTTP][0m [37m<-- GET /wd/hub/session/874af2fe-4e02-4329-bddf-3fd307b5f09f/element/00000000-0000-0071-7fff-ffff00000161/location [39m[32m200[39m [90m17 ms - 77[39m
[38;5;0m[HTTP][0m [90m[39m
[38;5;0m[HTTP][0m [37m-->[39m [37mPOST[39m [37m/wd/hub/session/874af2fe-4e02-4329-bddf-3fd307b5f09f/element/00000000-0000-0071-7fff-ffff00000161/clear[39m
[38;5;0m[HTTP][0m [90m{"id":"00000000-0000-0071-7fff-ffff00000161"}[39m
[38;5;0m[HTTP][0m [37m<-- POST /wd/hub/session/874af2fe-4e02-4329-bddf-3fd307b5f09f/element/00000000-0000-0071-7fff-ffff00000161/clear [39m[32m200[39m [90m17 ms - 14[39m
[38;5;0m[HTTP][0m [90m[39m
[38;5;0m[HTTP][0m [37m-->[39m [37mPOST[39m [37m/wd/hub/session/874af2fe-4e02-4329-bddf-3fd307b5f09f/element/00000000-0000-0071-7fff-ffff00000161/click[39m
[38;5;0m[HTTP][0m [90m{"id":"00000000-0000-0071-7fff-ffff00000161"}[39m
[38;5;0m[HTTP][0m [37m<-- POST /wd/hub/session/874af2fe-4e02-4329-bddf-3fd307b5f09f/element/00000000-0000-0071-7fff-ffff00000161/click [39m[32m200[39m [90m524 ms - 14[39m
[38;5;0m[HTTP][0m [90m[39m
[38;5;0m[HTTP][0m [37m-->[39m [37mPOST[39m [37m/wd/hub/session/874af2fe-4e02-4329-bddf-3fd307b5f09f/element/00000000-0000-0071-7fff-ffff00000161/value[39m
[38;5;0m[HTTP][0m [90m{"id":"00000000-0000-0071-7fff-ffff00000161","text":"L@la1","value":["L","@","l","a","1"]}[39m
[38;5;0m[HTTP][0m [37m<-- POST /wd/hub/session/874af2fe-4e02-4329-bddf-3fd307b5f09f/element/00000000-0000-0071-7fff-ffff00000161/value [39m[32m200[39m [90m982 ms - 14[39m
[38;5;0m[HTTP][0m [90m[39m
[38;5;0m[HTTP][0m [37m-->[39m [37mGET[39m [37m/wd/hub/session/874af2fe-4e02-4329-bddf-3fd307b5f09f/source[39m
[38;5;0m[HTTP][0m [90m{}[39m
[38;5;48m[AndroidUiautomator2Driver@d6f1 (874af2fe)][0m Driver proxy active, passing request on via HTTP proxy
[38;5;48m[AndroidUiautomator2Driver@d6f1 (874af2fe)][0m Replacing sessionId 98905135-fb1d-4336-9bad-cc582fd23747 with 874af2fe-4e02-4329-bddf-3fd307b5f09f
[38;5;0m[HTTP][0m [37m<-- GET /wd/hub/session/874af2fe-4e02-4329-bddf-3fd307b5f09f/source [39m[32m200[39m [90m113 ms - 16972[39m
[38;5;0m[HTTP][0m [90m[39m
[38;5;0m[HTTP][0m [37m-->[39m [37mGET[39m [37m/wd/hub/session/874af2fe-4e02-4329-bddf-3fd307b5f09f/screenshot[39m
[38;5;0m[HTTP][0m [90m{}[39m
[38;5;0m[HTTP][0m [37m<-- GET /wd/hub/session/874af2fe-4e02-4329-bddf-3fd307b5f09f/screenshot [39m[32m200[39m [90m164 ms - 107008[39m
[38;5;0m[HTTP][0m [90m[39m
[38;5;0m[HTTP][0m [37m-->[39m [37mGET[39m [37m/wd/hub/session/874af2fe-4e02-4329-bddf-3fd307b5f09f/context[39m
[38;5;0m[HTTP][0m [90m{}[39m
[38;5;0m[HTTP][0m [37m<-- GET /wd/hub/session/874af2fe-4e02-4329-bddf-3fd307b5f09f/context [39m[32m200[39m [90m2 ms - 22[39m
[38;5;0m[HTTP][0m [90m[39m
[38;5;0m[HTTP][0m [37m-->[39m [37mGET[39m [37m/wd/hub/session/874af2fe-4e02-4329-bddf-3fd307b5f09f/contexts[39m
[38;5;0m[HTTP][0m [90m{}[39m
[38;5;0m[HTTP][0m [37m<-- GET /wd/hub/session/874af2fe-4e02-4329-bddf-3fd307b5f09f/contexts [39m[32m200[39m [90m321 ms - 24[39m
[38;5;0m[HTTP][0m [90m[39m
[38;5;0m[HTTP][0m [37m-->[39m [37mPOST[39m [37m/wd/hub/session/874af2fe-4e02-4329-bddf-3fd307b5f09f/context[39m
[38;5;0m[HTTP][0m [90m{"name":"NATIVE_APP"}[39m
[38;5;0m[HTTP][0m [37m<-- POST /wd/hub/session/874af2fe-4e02-4329-bddf-3fd307b5f09f/context [39m[32m200[39m [90m1 ms - 14[39m
[38;5;0m[HTTP][0m [90m[39m
[38;5;0m[HTTP][0m [37m-->[39m [37mPOST[39m [37m/wd/hub/session/874af2fe-4e02-4329-bddf-3fd307b5f09f/appium/device/hide_keyboard[39m
[38;5;0m[HTTP][0m [90m{}[39m
[38;5;0m[HTTP][0m [37m<-- POST /wd/hub/session/874af2fe-4e02-4329-bddf-3fd307b5f09f/appium/device/hide_keyboard [39m[32m200[39m [90m554 ms - 14[39m
[38;5;0m[HTTP][0m [90m[39m
[38;5;0m[HTTP][0m [37m-->[39m [37mPOST[39m [37m/wd/hub/session/874af2fe-4e02-4329-bddf-3fd307b5f09f/context[39m
[38;5;0m[HTTP][0m [90m{"name":"NATIVE_APP"}[39m
[38;5;0m[HTTP][0m [37m<-- POST /wd/hub/session/874af2fe-4e02-4329-bddf-3fd307b5f09f/context [39m[32m200[39m [90m2 ms - 14[39m
[38;5;0m[HTTP][0m [90m[39m
[38;5;0m[HTTP][0m [37m-->[39m [37mGET[39m [37m/wd/hub/session/874af2fe-4e02-4329-bddf-3fd307b5f09f/source[39m
[38;5;0m[HTTP][0m [90m{}[39m
[38;5;48m[AndroidUiautomator2Driver@d6f1 (874af2fe)][0m Driver proxy active, passing request on via HTTP proxy
[38;5;48m[AndroidUiautomator2Driver@d6f1 (874af2fe)][0m Replacing sessionId 98905135-fb1d-4336-9bad-cc582fd23747 with 874af2fe-4e02-4329-bddf-3fd307b5f09f
[38;5;0m[HTTP][0m [37m<-- GET /wd/hub/session/874af2fe-4e02-4329-bddf-3fd307b5f09f/source [39m[32m200[39m [90m202 ms - 24527[39m
[38;5;0m[HTTP][0m [90m[39m
[38;5;0m[HTTP][0m [37m-->[39m [37mGET[39m [37m/wd/hub/session/874af2fe-4e02-4329-bddf-3fd307b5f09f/screenshot[39m
[38;5;0m[HTTP][0m [90m{}[39m
[38;5;0m[HTTP][0m [37m<-- GET /wd/hub/session/874af2fe-4e02-4329-bddf-3fd307b5f09f/screenshot [39m[32m200[39m [90m152 ms - 88740[39m
[38;5;0m[HTTP][0m [90m[39m
[38;5;0m[HTTP][0m [37m-->[39m [37mPOST[39m [37m/wd/hub/session/874af2fe-4e02-4329-bddf-3fd307b5f09f/elements[39m
[38;5;0m[HTTP][0m [90m{"using":"xpath","value":"//*[@class = 'android.widget.EditText' and (@text = '' or . = '')]"}[39m
[38;5;0m[HTTP][0m [37m<-- POST /wd/hub/session/874af2fe-4e02-4329-bddf-3fd307b5f09f/elements [39m[32m200[39m [90m58 ms - 779[39m
[38;5;0m[HTTP][0m [90m[39m
[38;5;0m[HTTP][0m [37m-->[39m [37mPOST[39m [37m/wd/hub/session/874af2fe-4e02-4329-bddf-3fd307b5f09f/elements[39m
[38;5;0m[HTTP][0m [90m{"using":"-android uiautomator","value":"new UiSelector().className(\"android.widget.EditText\")"}[39m
[38;5;0m[HTTP][0m [37m<-- POST /wd/hub/session/874af2fe-4e02-4329-bddf-3fd307b5f09f/elements [39m[32m200[39m [90m80 ms - 779[39m
[38;5;0m[HTTP][0m [90m[39m
[38;5;0m[HTTP][0m [37m-->[39m [37mGET[39m [37m/wd/hub/session/874af2fe-4e02-4329-bddf-3fd307b5f09f/window/rect[39m
[38;5;0m[HTTP][0m [90m{}[39m
[38;5;0m[HTTP][0m [37m<-- GET /wd/hub/session/874af2fe-4e02-4329-bddf-3fd307b5f09f/window/rect [39m[32m200[39m [90m8 ms - 49[39m
[38;5;0m[HTTP][0m [90m[39m
[38;5;0m[HTTP][0m [37m-->[39m [37mPOST[39m [37m/wd/hub/session/874af2fe-4e02-4329-bddf-3fd307b5f09f/elements[39m
[38;5;0m[HTTP][0m [90m{"using":"xpath","value":"//hierarchy/android.widget.FrameLayout[1]/android.widget.LinearLayout[1]/android.widget.FrameLayout[1]/android.widget.LinearLayout[1]/android.widget.FrameLayout[1]/androidx.drawerlayout.widget.DrawerLayout[1]/android.view.ViewGroup[1]/android.widget.LinearLayout[2]/android.widget.ScrollView[1]/android.widget.LinearLayout[1]/android.widget.LinearLayout[1]/android.widget.LinearLayout[1]/android.widget.LinearLayout[4]/android.widget.RelativeLayout[1]/android.widget.EditText[1]"}[39m
[38;5;0m[HTTP][0m [37m<-- POST /wd/hub/session/874af2fe-4e02-4329-bddf-3fd307b5f09f/elements [39m[32m200[39m [90m45 ms - 139[39m
[38;5;0m[HTTP][0m [90m[39m
[38;5;0m[HTTP][0m [37m-->[39m [37mGET[39m [37m/wd/hub/session/874af2fe-4e02-4329-bddf-3fd307b5f09f/element/00000000-0000-0071-7fff-ffff0000015e/location[39m
[38;5;0m[HTTP][0m [90m{}[39m
[38;5;48m[AndroidUiautomator2Driver@d6f1 (874af2fe)][0m Driver proxy active, passing request on via HTTP proxy
[38;5;48m[AndroidUiautomator2Driver@d6f1 (874af2fe)][0m Replacing sessionId 98905135-fb1d-4336-9bad-cc582fd23747 with 874af2fe-4e02-4329-bddf-3fd307b5f09f
[38;5;0m[HTTP][0m [37m<-- GET /wd/hub/session/874af2fe-4e02-4329-bddf-3fd307b5f09f/element/00000000-0000-0071-7fff-ffff0000015e/location [39m[32m200[39m [90m16 ms - 77[39m
[38;5;0m[HTTP][0m [90m[39m
[38;5;0m[HTTP][0m [37m-->[39m [37mPOST[39m [37m/wd/hub/session/874af2fe-4e02-4329-bddf-3fd307b5f09f/element/00000000-0000-0071-7fff-ffff0000015e/click[39m
[38;5;0m[HTTP][0m [90m{"id":"00000000-0000-0071-7fff-ffff0000015e"}[39m
[38;5;0m[HTTP][0m [37m<-- POST /wd/hub/session/874af2fe-4e02-4329-bddf-3fd307b5f09f/element/00000000-0000-0071-7fff-ffff0000015e/click [39m[32m200[39m [90m37 ms - 14[39m
[38;5;0m[HTTP][0m [90m[39m
[38;5;0m[HTTP][0m [37m-->[39m [37mGET[39m [37m/wd/hub/session/874af2fe-4e02-4329-bddf-3fd307b5f09f/source[39m
[38;5;0m[HTTP][0m [90m{}[39m
[38;5;48m[AndroidUiautomator2Driver@d6f1 (874af2fe)][0m Driver proxy active, passing request on via HTTP proxy
[38;5;48m[AndroidUiautomator2Driver@d6f1 (874af2fe)][0m Replacing sessionId 98905135-fb1d-4336-9bad-cc582fd23747 with 874af2fe-4e02-4329-bddf-3fd307b5f09f
[38;5;0m[HTTP][0m [37m<-- GET /wd/hub/session/874af2fe-4e02-4329-bddf-3fd307b5f09f/source [39m[32m200[39m [90m487 ms - 17654[39m
[38;5;0m[HTTP][0m [90m[39m
[38;5;0m[HTTP][0m [37m-->[39m [37mGET[39m [37m/wd/hub/session/874af2fe-4e02-4329-bddf-3fd307b5f09f/screenshot[39m
[38;5;0m[HTTP][0m [90m{}[39m
[38;5;0m[HTTP][0m [37m<-- GET /wd/hub/session/874af2fe-4e02-4329-bddf-3fd307b5f09f/screenshot [39m[32m200[39m [90m168 ms - 99184[39m
[38;5;0m[HTTP][0m [90m[39m
[38;5;0m[HTTP][0m [37m-->[39m [37mGET[39m [37m/wd/hub/session/874af2fe-4e02-4329-bddf-3fd307b5f09f/context[39m
[38;5;0m[HTTP][0m [90m{}[39m
[38;5;0m[HTTP][0m [37m<-- GET /wd/hub/session/874af2fe-4e02-4329-bddf-3fd307b5f09f/context [39m[32m200[39m [90m2 ms - 22[39m
[38;5;0m[HTTP][0m [90m[39m
[38;5;0m[HTTP][0m [37m-->[39m [37mGET[39m [37m/wd/hub/session/874af2fe-4e02-4329-bddf-3fd307b5f09f/contexts[39m
[38;5;0m[HTTP][0m [90m{}[39m
[38;5;0m[HTTP][0m [37m<-- GET /wd/hub/session/874af2fe-4e02-4329-bddf-3fd307b5f09f/contexts [39m[32m200[39m [90m332 ms - 24[39m
[38;5;0m[HTTP][0m [90m[39m
[38;5;0m[HTTP][0m [37m-->[39m [37mPOST[39m [37m/wd/hub/session/874af2fe-4e02-4329-bddf-3fd307b5f09f/context[39m
[38;5;0m[HTTP][0m [90m{"name":"NATIVE_APP"}[39m
[38;5;0m[HTTP][0m [37m<-- POST /wd/hub/session/874af2fe-4e02-4329-bddf-3fd307b5f09f/context [39m[32m200[39m [90m1 ms - 14[39m
[38;5;0m[HTTP][0m [90m[39m
[38;5;0m[HTTP][0m [37m-->[39m [37mPOST[39m [37m/wd/hub/session/874af2fe-4e02-4329-bddf-3fd307b5f09f/appium/device/hide_keyboard[39m
[38;5;0m[HTTP][0m [90m{}[39m
[38;5;0m[HTTP][0m [37m<-- POST /wd/hub/session/874af2fe-4e02-4329-bddf-3fd307b5f09f/appium/device/hide_keyboard [39m[32m200[39m [90m582 ms - 14[39m
[38;5;0m[HTTP][0m [90m[39m
[38;5;0m[HTTP][0m [37m-->[39m [37mPOST[39m [37m/wd/hub/session/874af2fe-4e02-4329-bddf-3fd307b5f09f/context[39m
[38;5;0m[HTTP][0m [90m{"name":"NATIVE_APP"}[39m
[38;5;0m[HTTP][0m [37m<-- POST /wd/hub/session/874af2fe-4e02-4329-bddf-3fd307b5f09f/context [39m[32m200[39m [90m2 ms - 14[39m
[38;5;0m[HTTP][0m [90m[39m
[38;5;0m[HTTP][0m [37m-->[39m [37mGET[39m [37m/wd/hub/session/874af2fe-4e02-4329-bddf-3fd307b5f09f/source[39m
[38;5;0m[HTTP][0m [90m{}[39m
[38;5;48m[AndroidUiautomator2Driver@d6f1 (874af2fe)][0m Driver proxy active, passing request on via HTTP proxy
[38;5;48m[AndroidUiautomator2Driver@d6f1 (874af2fe)][0m Replacing sessionId 98905135-fb1d-4336-9bad-cc582fd23747 with 874af2fe-4e02-4329-bddf-3fd307b5f09f
[38;5;0m[HTTP][0m [37m<-- GET /wd/hub/session/874af2fe-4e02-4329-bddf-3fd307b5f09f/source [39m[32m200[39m [90m186 ms - 24527[39m
[38;5;0m[HTTP][0m [90m[39m
[38;5;0m[HTTP][0m [37m-->[39m [37mGET[39m [37m/wd/hub/session/874af2fe-4e02-4329-bddf-3fd307b5f09f/screenshot[39m
[38;5;0m[HTTP][0m [90m{}[39m
[38;5;0m[HTTP][0m [37m<-- GET /wd/hub/session/874af2fe-4e02-4329-bddf-3fd307b5f09f/screenshot [39m[32m200[39m [90m160 ms - 89408[39m
[38;5;0m[HTTP][0m [90m[39m
[38;5;0m[HTTP][0m [37m-->[39m [37mGET[39m [37m/wd/hub/session/874af2fe-4e02-4329-bddf-3fd307b5f09f/window/rect[39m
[38;5;0m[HTTP][0m [90m{}[39m
[38;5;0m[HTTP][0m [37m<-- GET /wd/hub/session/874af2fe-4e02-4329-bddf-3fd307b5f09f/window/rect [39m[32m200[39m [90m14 ms - 49[39m
[38;5;0m[HTTP][0m [90m[39m
[38;5;0m[HTTP][0m [37m-->[39m [37mPOST[39m [37m/wd/hub/session/874af2fe-4e02-4329-bddf-3fd307b5f09f/elements[39m
[38;5;0m[HTTP][0m [90m{"using":"xpath","value":"//hierarchy/android.widget.FrameLayout[1]/android.widget.LinearLayout[1]/android.widget.FrameLayout[1]/android.widget.LinearLayout[1]/android.widget.FrameLayout[1]/androidx.drawerlayout.widget.DrawerLayout[1]/android.view.ViewGroup[1]/android.widget.LinearLayout[2]/android.widget.ScrollView[1]/android.widget.LinearLayout[1]/android.widget.LinearLayout[1]/android.widget.LinearLayout[1]/android.widget.LinearLayout[4]/android.widget.RelativeLayout[1]/android.widget.EditText[1]"}[39m
[38;5;0m[HTTP][0m [37m<-- POST /wd/hub/session/874af2fe-4e02-4329-bddf-3fd307b5f09f/elements [39m[32m200[39m [90m58 ms - 139[39m
[38;5;0m[HTTP][0m [90m[39m
[38;5;0m[HTTP][0m [37m-->[39m [37mGET[39m [37m/wd/hub/session/874af2fe-4e02-4329-bddf-3fd307b5f09f/element/00000000-0000-0071-7fff-ffff0000015e/location[39m
[38;5;0m[HTTP][0m [90m{}[39m
[38;5;48m[AndroidUiautomator2Driver@d6f1 (874af2fe)][0m Driver proxy active, passing request on via HTTP proxy
[38;5;48m[AndroidUiautomator2Driver@d6f1 (874af2fe)][0m Replacing sessionId 98905135-fb1d-4336-9bad-cc582fd23747 with 874af2fe-4e02-4329-bddf-3fd307b5f09f
[38;5;0m[HTTP][0m [37m<-- GET /wd/hub/session/874af2fe-4e02-4329-bddf-3fd307b5f09f/element/00000000-0000-0071-7fff-ffff0000015e/location [39m[32m200[39m [90m24 ms - 77[39m
[38;5;0m[HTTP][0m [90m[39m
[38;5;0m[HTTP][0m [37m-->[39m [37mPOST[39m [37m/wd/hub/session/874af2fe-4e02-4329-bddf-3fd307b5f09f/element/00000000-0000-0071-7fff-ffff0000015e/clear[39m
[38;5;0m[HTTP][0m [90m{"id":"00000000-0000-0071-7fff-ffff0000015e"}[39m
[38;5;0m[HTTP][0m [37m<-- POST /wd/hub/session/874af2fe-4e02-4329-bddf-3fd307b5f09f/element/00000000-0000-0071-7fff-ffff0000015e/clear [39m[32m200[39m [90m22 ms - 14[39m
[38;5;0m[HTTP][0m [90m[39m
[38;5;0m[HTTP][0m [37m-->[39m [37mPOST[39m [37m/wd/hub/session/874af2fe-4e02-4329-bddf-3fd307b5f09f/element/00000000-0000-0071-7fff-ffff0000015e/click[39m
[38;5;0m[HTTP][0m [90m{"id":"00000000-0000-0071-7fff-ffff0000015e"}[39m
[38;5;0m[HTTP][0m [37m<-- POST /wd/hub/session/874af2fe-4e02-4329-bddf-3fd307b5f09f/element/00000000-0000-0071-7fff-ffff0000015e/click [39m[32m200[39m [90m538 ms - 14[39m
[38;5;0m[HTTP][0m [90m[39m
[38;5;0m[HTTP][0m [37m-->[39m [37mPOST[39m [37m/wd/hub/session/874af2fe-4e02-4329-bddf-3fd307b5f09f/element/00000000-0000-0071-7fff-ffff0000015e/value[39m
[38;5;0m[HTTP][0m [90m{"id":"00000000-0000-0071-7fff-ffff0000015e","text":"L@la1","value":["L","@","l","a","1"]}[39m
[38;5;0m[HTTP][0m [37m<-- POST /wd/hub/session/874af2fe-4e02-4329-bddf-3fd307b5f09f/element/00000000-0000-0071-7fff-ffff0000015e/value [39m[32m200[39m [90m919 ms - 14[39m
[38;5;0m[HTTP][0m [90m[39m
[38;5;0m[HTTP][0m [37m-->[39m [37mGET[39m [37m/wd/hub/session/874af2fe-4e02-4329-bddf-3fd307b5f09f/source[39m
[38;5;0m[HTTP][0m [90m{}[39m
[38;5;48m[AndroidUiautomator2Driver@d6f1 (874af2fe)][0m Driver proxy active, passing request on via HTTP proxy
[38;5;48m[AndroidUiautomator2Driver@d6f1 (874af2fe)][0m Replacing sessionId 98905135-fb1d-4336-9bad-cc582fd23747 with 874af2fe-4e02-4329-bddf-3fd307b5f09f
[38;5;0m[HTTP][0m [37m<-- GET /wd/hub/session/874af2fe-4e02-4329-bddf-3fd307b5f09f/source [39m[32m200[39m [90m100 ms - 17669[39m
[38;5;0m[HTTP][0m [90m[39m
[38;5;0m[HTTP][0m [37m-->[39m [37mGET[39m [37m/wd/hub/session/874af2fe-4e02-4329-bddf-3fd307b5f09f/screenshot[39m
[38;5;0m[HTTP][0m [90m{}[39m
[38;5;0m[HTTP][0m [37m<-- GET /wd/hub/session/874af2fe-4e02-4329-bddf-3fd307b5f09f/screenshot [39m[32m200[39m [90m187 ms - 99368[39m
[38;5;0m[HTTP][0m [90m[39m
[38;5;0m[HTTP][0m [37m-->[39m [37mGET[39m [37m/wd/hub/session/874af2fe-4e02-4329-bddf-3fd307b5f09f/context[39m
[38;5;0m[HTTP][0m [90m{}[39m
[38;5;0m[HTTP][0m [37m<-- GET /wd/hub/session/874af2fe-4e02-4329-bddf-3fd307b5f09f/context [39m[32m200[39m [90m1 ms - 22[39m
[38;5;0m[HTTP][0m [90m[39m
[38;5;0m[HTTP][0m [37m-->[39m [37mGET[39m [37m/wd/hub/session/874af2fe-4e02-4329-bddf-3fd307b5f09f/contexts[39m
[38;5;0m[HTTP][0m [90m{}[39m
[38;5;0m[HTTP][0m [37m<-- GET /wd/hub/session/874af2fe-4e02-4329-bddf-3fd307b5f09f/contexts [39m[32m200[39m [90m316 ms - 24[39m
[38;5;0m[HTTP][0m [90m[39m
[38;5;0m[HTTP][0m [37m-->[39m [37mPOST[39m [37m/wd/hub/session/874af2fe-4e02-4329-bddf-3fd307b5f09f/context[39m
[38;5;0m[HTTP][0m [90m{"name":"NATIVE_APP"}[39m
[38;5;0m[HTTP][0m [37m<-- POST /wd/hub/session/874af2fe-4e02-4329-bddf-3fd307b5f09f/context [39m[32m200[39m [90m1 ms - 14[39m
[38;5;0m[HTTP][0m [90m[39m
[38;5;0m[HTTP][0m [37m-->[39m [37mPOST[39m [37m/wd/hub/session/874af2fe-4e02-4329-bddf-3fd307b5f09f/appium/device/hide_keyboard[39m
[38;5;0m[HTTP][0m [90m{}[39m
[38;5;0m[HTTP][0m [37m<-- POST /wd/hub/session/874af2fe-4e02-4329-bddf-3fd307b5f09f/appium/device/hide_keyboard [39m[32m200[39m [90m562 ms - 14[39m
[38;5;0m[HTTP][0m [90m[39m
[38;5;0m[HTTP][0m [37m-->[39m [37mPOST[39m [37m/wd/hub/session/874af2fe-4e02-4329-bddf-3fd307b5f09f/context[39m
[38;5;0m[HTTP][0m [90m{"name":"NATIVE_APP"}[39m
[38;5;0m[HTTP][0m [37m<-- POST /wd/hub/session/874af2fe-4e02-4329-bddf-3fd307b5f09f/context [39m[32m200[39m [90m2 ms - 14[39m
[38;5;0m[HTTP][0m [90m[39m
[38;5;0m[HTTP][0m [37m-->[39m [37mGET[39m [37m/wd/hub/session/874af2fe-4e02-4329-bddf-3fd307b5f09f/source[39m
[38;5;0m[HTTP][0m [90m{}[39m
[38;5;48m[AndroidUiautomator2Driver@d6f1 (874af2fe)][0m Driver proxy active, passing request on via HTTP proxy
[38;5;48m[AndroidUiautomator2Driver@d6f1 (874af2fe)][0m Replacing sessionId 98905135-fb1d-4336-9bad-cc582fd23747 with 874af2fe-4e02-4329-bddf-3fd307b5f09f
[38;5;0m[HTTP][0m [37m<-- GET /wd/hub/session/874af2fe-4e02-4329-bddf-3fd307b5f09f/source [39m[32m200[39m [90m393 ms - 24542[39m
[38;5;0m[HTTP][0m [90m[39m
[38;5;0m[HTTP][0m [37m-->[39m [37mGET[39m [37m/wd/hub/session/874af2fe-4e02-4329-bddf-3fd307b5f09f/screenshot[39m
[38;5;0m[HTTP][0m [90m{}[39m
[38;5;0m[HTTP][0m [37m<-- GET /wd/hub/session/874af2fe-4e02-4329-bddf-3fd307b5f09f/screenshot [39m[32m200[39m [90m319 ms - 89660[39m
[38;5;0m[HTTP][0m [90m[39m
[38;5;0m[HTTP][0m [37m-->[39m [37mGET[39m [37m/wd/hub/session/874af2fe-4e02-4329-bddf-3fd307b5f09f/source[39m
[38;5;0m[HTTP][0m [90m{}[39m
[38;5;48m[AndroidUiautomator2Driver@d6f1 (874af2fe)][0m Driver proxy active, passing request on via HTTP proxy
[38;5;48m[AndroidUiautomator2Driver@d6f1 (874af2fe)][0m Replacing sessionId 98905135-fb1d-4336-9bad-cc582fd23747 with 874af2fe-4e02-4329-bddf-3fd307b5f09f
[38;5;0m[HTTP][0m [37m<-- GET /wd/hub/session/874af2fe-4e02-4329-bddf-3fd307b5f09f/source [39m[32m200[39m [90m169 ms - 24182[39m
[38;5;0m[HTTP][0m [90m[39m
[38;5;0m[HTTP][0m [37m-->[39m [37mGET[39m [37m/wd/hub/session/874af2fe-4e02-4329-bddf-3fd307b5f09f/screenshot[39m
[38;5;0m[HTTP][0m [90m{}[39m
[38;5;0m[HTTP][0m [37m<-- GET /wd/hub/session/874af2fe-4e02-4329-bddf-3fd307b5f09f/screenshot [39m[32m200[39m [90m248 ms - 79384[39m
[38;5;0m[HTTP][0m [90m[39m
[38;5;0m[HTTP][0m [37m-->[39m [37mPOST[39m [37m/wd/hub/session/874af2fe-4e02-4329-bddf-3fd307b5f09f/elements[39m
[38;5;0m[HTTP][0m [90m{"using":"xpath","value":"//*[@class = 'android.widget.CheckBox' and (@text = 'Receive exclusive offers and promotions' or . = 'Receive exclusive offers and promotions') and @resource-id = 'com.Advantage.aShopping:id/checkBoxRecieveOffers']"}[39m
[38;5;0m[HTTP][0m [37m<-- POST /wd/hub/session/874af2fe-4e02-4329-bddf-3fd307b5f09f/elements [39m[32m200[39m [90m78 ms - 139[39m
[38;5;0m[HTTP][0m [90m[39m
[38;5;0m[HTTP][0m [37m-->[39m [37mGET[39m [37m/wd/hub/session/874af2fe-4e02-4329-bddf-3fd307b5f09f/window/rect[39m
[38;5;0m[HTTP][0m [90m{}[39m
[38;5;0m[HTTP][0m [37m<-- GET /wd/hub/session/874af2fe-4e02-4329-bddf-3fd307b5f09f/window/rect [39m[32m200[39m [90m10 ms - 49[39m
[38;5;0m[HTTP][0m [90m[39m
[38;5;0m[HTTP][0m [37m-->[39m [37mPOST[39m [37m/wd/hub/session/874af2fe-4e02-4329-bddf-3fd307b5f09f/elements[39m
[38;5;0m[HTTP][0m [90m{"using":"xpath","value":"//*[@class = 'android.widget.CheckBox' and (@text = 'Receive exclusive offers and promotions' or . = 'Receive exclusive offers and promotions') and @resource-id = 'com.Advantage.aShopping:id/checkBoxRecieveOffers']"}[39m
[38;5;0m[HTTP][0m [37m<-- POST /wd/hub/session/874af2fe-4e02-4329-bddf-3fd307b5f09f/elements [39m[32m200[39m [90m92 ms - 139[39m
[38;5;0m[HTTP][0m [90m[39m
[38;5;0m[HTTP][0m [37m-->[39m [37mGET[39m [37m/wd/hub/session/874af2fe-4e02-4329-bddf-3fd307b5f09f/element/00000000-0000-0071-7fff-ffff0000013f/location[39m
[38;5;0m[HTTP][0m [90m{}[39m
[38;5;48m[AndroidUiautomator2Driver@d6f1 (874af2fe)][0m Driver proxy active, passing request on via HTTP proxy
[38;5;48m[AndroidUiautomator2Driver@d6f1 (874af2fe)][0m Replacing sessionId 98905135-fb1d-4336-9bad-cc582fd23747 with 874af2fe-4e02-4329-bddf-3fd307b5f09f
[38;5;0m[HTTP][0m [37m<-- GET /wd/hub/session/874af2fe-4e02-4329-bddf-3fd307b5f09f/element/00000000-0000-0071-7fff-ffff0000013f/location [39m[32m200[39m [90m20 ms - 77[39m
[38;5;0m[HTTP][0m [90m[39m
[38;5;0m[HTTP][0m [37m-->[39m [37mPOST[39m [37m/wd/hub/session/874af2fe-4e02-4329-bddf-3fd307b5f09f/element/00000000-0000-0071-7fff-ffff0000013f/click[39m
[38;5;0m[HTTP][0m [90m{"id":"00000000-0000-0071-7fff-ffff0000013f"}[39m
[38;5;0m[HTTP][0m [37m<-- POST /wd/hub/session/874af2fe-4e02-4329-bddf-3fd307b5f09f/element/00000000-0000-0071-7fff-ffff0000013f/click [39m[32m200[39m [90m47 ms - 14[39m
[38;5;0m[HTTP][0m [90m[39m
[38;5;0m[HTTP][0m [37m-->[39m [37mGET[39m [37m/wd/hub/session/874af2fe-4e02-4329-bddf-3fd307b5f09f/source[39m
[38;5;0m[HTTP][0m [90m{}[39m
[38;5;48m[AndroidUiautomator2Driver@d6f1 (874af2fe)][0m Driver proxy active, passing request on via HTTP proxy
[38;5;48m[AndroidUiautomator2Driver@d6f1 (874af2fe)][0m Replacing sessionId 98905135-fb1d-4336-9bad-cc582fd23747 with 874af2fe-4e02-4329-bddf-3fd307b5f09f
[38;5;0m[HTTP][0m [37m<-- GET /wd/hub/session/874af2fe-4e02-4329-bddf-3fd307b5f09f/source [39m[32m200[39m [90m211 ms - 24181[39m
[38;5;0m[HTTP][0m [90m[39m
[38;5;0m[HTTP][0m [37m-->[39m [37mGET[39m [37m/wd/hub/session/874af2fe-4e02-4329-bddf-3fd307b5f09f/screenshot[39m
[38;5;0m[HTTP][0m [90m{}[39m
[38;5;0m[HTTP][0m [37m<-- GET /wd/hub/session/874af2fe-4e02-4329-bddf-3fd307b5f09f/screenshot [39m[32m200[39m [90m259 ms - 80632[39m
[38;5;0m[HTTP][0m [90m[39m
[38;5;0m[HTTP][0m [37m-->[39m [37mPOST[39m [37m/wd/hub/session/874af2fe-4e02-4329-bddf-3fd307b5f09f/elements[39m
[38;5;0m[HTTP][0m [90m{"using":"xpath","value":"//*[@class = 'android.widget.CheckBox' and (@text = 'I agree to the Advantage.com Conditions' or . = 'I agree to the Advantage.com Conditions') and @resource-id = 'com.Advantage.aShopping:id/checkBoxAgreeConditions']"}[39m
[38;5;0m[HTTP][0m [37m<-- POST /wd/hub/session/874af2fe-4e02-4329-bddf-3fd307b5f09f/elements [39m[32m200[39m [90m73 ms - 139[39m
[38;5;0m[HTTP][0m [90m[39m
[38;5;0m[HTTP][0m [37m-->[39m [37mGET[39m [37m/wd/hub/session/874af2fe-4e02-4329-bddf-3fd307b5f09f/window/rect[39m
[38;5;0m[HTTP][0m [90m{}[39m
[38;5;0m[HTTP][0m [37m<-- GET /wd/hub/session/874af2fe-4e02-4329-bddf-3fd307b5f09f/window/rect [39m[32m200[39m [90m9 ms - 49[39m
[38;5;0m[HTTP][0m [90m[39m
[38;5;0m[HTTP][0m [37m-->[39m [37mPOST[39m [37m/wd/hub/session/874af2fe-4e02-4329-bddf-3fd307b5f09f/elements[39m
[38;5;0m[HTTP][0m [90m{"using":"xpath","value":"//*[@class = 'android.widget.CheckBox' and (@text = 'I agree to the Advantage.com Conditions' or . = 'I agree to the Advantage.com Conditions') and @resource-id = 'com.Advantage.aShopping:id/checkBoxAgreeConditions']"}[39m
[38;5;0m[HTTP][0m [37m<-- POST /wd/hub/session/874af2fe-4e02-4329-bddf-3fd307b5f09f/elements [39m[32m200[39m [90m68 ms - 139[39m
[38;5;0m[HTTP][0m [90m[39m
[38;5;0m[HTTP][0m [37m-->[39m [37mGET[39m [37m/wd/hub/session/874af2fe-4e02-4329-bddf-3fd307b5f09f/element/00000000-0000-0071-7fff-ffff00000140/location[39m
[38;5;0m[HTTP][0m [90m{}[39m
[38;5;48m[AndroidUiautomator2Driver@d6f1 (874af2fe)][0m Driver proxy active, passing request on via HTTP proxy
[38;5;48m[AndroidUiautomator2Driver@d6f1 (874af2fe)][0m Replacing sessionId 98905135-fb1d-4336-9bad-cc582fd23747 with 874af2fe-4e02-4329-bddf-3fd307b5f09f
[38;5;0m[HTTP][0m [37m<-- GET /wd/hub/session/874af2fe-4e02-4329-bddf-3fd307b5f09f/element/00000000-0000-0071-7fff-ffff00000140/location [39m[32m200[39m [90m17 ms - 78[39m
[38;5;0m[HTTP][0m [90m[39m
[38;5;0m[HTTP][0m [37m-->[39m [37mPOST[39m [37m/wd/hub/session/874af2fe-4e02-4329-bddf-3fd307b5f09f/element/00000000-0000-0071-7fff-ffff00000140/click[39m
[38;5;0m[HTTP][0m [90m{"id":"00000000-0000-0071-7fff-ffff00000140"}[39m
[38;5;0m[HTTP][0m [37m<-- POST /wd/hub/session/874af2fe-4e02-4329-bddf-3fd307b5f09f/element/00000000-0000-0071-7fff-ffff00000140/click [39m[32m200[39m [90m42 ms - 14[39m
[38;5;0m[HTTP][0m [90m[39m
[38;5;0m[HTTP][0m [37m-->[39m [37mGET[39m [37m/wd/hub/session/874af2fe-4e02-4329-bddf-3fd307b5f09f/source[39m
[38;5;0m[HTTP][0m [90m{}[39m
[38;5;48m[AndroidUiautomator2Driver@d6f1 (874af2fe)][0m Driver proxy active, passing request on via HTTP proxy
[38;5;48m[AndroidUiautomator2Driver@d6f1 (874af2fe)][0m Replacing sessionId 98905135-fb1d-4336-9bad-cc582fd23747 with 874af2fe-4e02-4329-bddf-3fd307b5f09f
[38;5;0m[HTTP][0m [37m<-- GET /wd/hub/session/874af2fe-4e02-4329-bddf-3fd307b5f09f/source [39m[32m200[39m [90m220 ms - 24179[39m
[38;5;0m[HTTP][0m [90m[39m
[38;5;0m[HTTP][0m [37m-->[39m [37mGET[39m [37m/wd/hub/session/874af2fe-4e02-4329-bddf-3fd307b5f09f/screenshot[39m
[38;5;0m[HTTP][0m [90m{}[39m
[38;5;0m[HTTP][0m [37m<-- GET /wd/hub/session/874af2fe-4e02-4329-bddf-3fd307b5f09f/screenshot [39m[32m200[39m [90m311 ms - 82552[39m
[38;5;0m[HTTP][0m [90m[39m
[38;5;0m[HTTP][0m [37m-->[39m [37mGET[39m [37m/wd/hub/session/874af2fe-4e02-4329-bddf-3fd307b5f09f/source[39m
[38;5;0m[HTTP][0m [90m{}[39m
[38;5;48m[AndroidUiautomator2Driver@d6f1 (874af2fe)][0m Driver proxy active, passing request on via HTTP proxy
[38;5;48m[AndroidUiautomator2Driver@d6f1 (874af2fe)][0m Replacing sessionId 98905135-fb1d-4336-9bad-cc582fd23747 with 874af2fe-4e02-4329-bddf-3fd307b5f09f
[38;5;0m[HTTP][0m [37m<-- GET /wd/hub/session/874af2fe-4e02-4329-bddf-3fd307b5f09f/source [39m[32m200[39m [90m1083 ms - 22386[39m
[38;5;0m[HTTP][0m [90m[39m
[38;5;0m[HTTP][0m [37m-->[39m [37mGET[39m [37m/wd/hub/session/874af2fe-4e02-4329-bddf-3fd307b5f09f/screenshot[39m
[38;5;0m[HTTP][0m [90m{}[39m
[38;5;0m[HTTP][0m [37m<-- GET /wd/hub/session/874af2fe-4e02-4329-bddf-3fd307b5f09f/screenshot [39m[32m200[39m [90m814 ms - 81568[39m
[38;5;0m[HTTP][0m [90m[39m
[38;5;0m[HTTP][0m [37m-->[39m [37mPOST[39m [37m/wd/hub/session/874af2fe-4e02-4329-bddf-3fd307b5f09f/elements[39m
[38;5;0m[HTTP][0m [90m{"using":"xpath","value":"//*[@class = 'android.widget.Button' and (@text = 'REGISTER' or . = 'REGISTER') and @resource-id = 'com.Advantage.aShopping:id/buttonRegister']"}[39m
[38;5;0m[HTTP][0m [37m<-- POST /wd/hub/session/874af2fe-4e02-4329-bddf-3fd307b5f09f/elements [39m[32m200[39m [90m117 ms - 139[39m
[38;5;0m[HTTP][0m [90m[39m
[38;5;0m[HTTP][0m [37m-->[39m [37mGET[39m [37m/wd/hub/session/874af2fe-4e02-4329-bddf-3fd307b5f09f/window/rect[39m
[38;5;0m[HTTP][0m [90m{}[39m
[38;5;0m[HTTP][0m [37m<-- GET /wd/hub/session/874af2fe-4e02-4329-bddf-3fd307b5f09f/window/rect [39m[32m200[39m [90m19 ms - 49[39m
[38;5;0m[HTTP][0m [90m[39m
[38;5;0m[HTTP][0m [37m-->[39m [37mPOST[39m [37m/wd/hub/session/874af2fe-4e02-4329-bddf-3fd307b5f09f/elements[39m
[38;5;0m[HTTP][0m [90m{"using":"xpath","value":"//*[@class = 'android.widget.Button' and (@text = 'REGISTER' or . = 'REGISTER') and @resource-id = 'com.Advantage.aShopping:id/buttonRegister']"}[39m
[38;5;0m[HTTP][0m [37m<-- POST /wd/hub/session/874af2fe-4e02-4329-bddf-3fd307b5f09f/elements [39m[32m200[39m [90m151 ms - 139[39m
[38;5;0m[HTTP][0m [90m[39m
[38;5;0m[HTTP][0m [37m-->[39m [37mGET[39m [37m/wd/hub/session/874af2fe-4e02-4329-bddf-3fd307b5f09f/element/00000000-0000-0071-7fff-ffff00000141/location[39m
[38;5;0m[HTTP][0m [90m{}[39m
[38;5;48m[AndroidUiautomator2Driver@d6f1 (874af2fe)][0m Driver proxy active, passing request on via HTTP proxy
[38;5;48m[AndroidUiautomator2Driver@d6f1 (874af2fe)][0m Replacing sessionId 98905135-fb1d-4336-9bad-cc582fd23747 with 874af2fe-4e02-4329-bddf-3fd307b5f09f
[38;5;0m[HTTP][0m [37m<-- GET /wd/hub/session/874af2fe-4e02-4329-bddf-3fd307b5f09f/element/00000000-0000-0071-7fff-ffff00000141/location [39m[32m200[39m [90m36 ms - 77[39m
[38;5;0m[HTTP][0m [90m[39m
[38;5;0m[HTTP][0m [37m-->[39m [37mPOST[39m [37m/wd/hub/session/874af2fe-4e02-4329-bddf-3fd307b5f09f/element/00000000-0000-0071-7fff-ffff00000141/click[39m
[38;5;0m[HTTP][0m [90m{"id":"00000000-0000-0071-7fff-ffff00000141"}[39m
[38;5;0m[HTTP][0m [37m<-- POST /wd/hub/session/874af2fe-4e02-4329-bddf-3fd307b5f09f/element/00000000-0000-0071-7fff-ffff00000141/click [39m[32m200[39m [90m67 ms - 14[39m
[38;5;0m[HTTP][0m [90m[39m
[38;5;0m[HTTP][0m [37m-->[39m [37mGET[39m [37m/wd/hub/session/874af2fe-4e02-4329-bddf-3fd307b5f09f/source[39m
[38;5;0m[HTTP][0m [90m{}[39m
[38;5;48m[AndroidUiautomator2Driver@d6f1 (874af2fe)][0m Driver proxy active, passing request on via HTTP proxy
[38;5;48m[AndroidUiautomator2Driver@d6f1 (874af2fe)][0m Replacing sessionId 98905135-fb1d-4336-9bad-cc582fd23747 with 874af2fe-4e02-4329-bddf-3fd307b5f09f
[38;5;0m[HTTP][0m [37m<-- GET /wd/hub/session/874af2fe-4e02-4329-bddf-3fd307b5f09f/source [39m[32m200[39m [90m1144 ms - 22545[39m
[38;5;0m[HTTP][0m [90m[39m
[38;5;0m[HTTP][0m [37m-->[39m [37mGET[39m [37m/wd/hub/session/874af2fe-4e02-4329-bddf-3fd307b5f09f/screenshot[39m
[38;5;0m[HTTP][0m [90m{}[39m
[38;5;0m[HTTP][0m [37m<-- GET /wd/hub/session/874af2fe-4e02-4329-bddf-3fd307b5f09f/screenshot [39m[32m200[39m [90m379 ms - 94016[39m
[38;5;0m[HTTP][0m [90m[39m
[38;5;0m[HTTP][0m [37m-->[39m [37mDELETE[39m [37m/wd/hub/session/874af2fe-4e02-4329-bddf-3fd307b5f09f[39m
[38;5;0m[HTTP][0m [90m{}[39m
[38;5;16m[AppiumDriver@fe39][0m Removing session 874af2fe-4e02-4329-bddf-3fd307b5f09f from our master session list
[38;5;0m[HTTP][0m [37m<-- DELETE /wd/hub/session/874af2fe-4e02-4329-bddf-3fd307b5f09f [39m[32m200[39m [90m2607 ms - 14[39m
