[35m[Appium][39m Welcome to Appium v2.5.0
[35m[Appium][39m Non-default server args:
[35m[Appium][39m { basePath: [32m'/wd/hub'[39m, loglevel: [32m'info'[39m, port: [33m53481[39m }
[35m[Appium][39m Attempting to load driver uiautomator2...
[35m[Appium][39m Appium REST http interface listener started on http://0.0.0.0:53481/wd/hub
[35m[Appium][39m You can provide the following URLs in your client code to connect to this server:
[35m[Appium][39m 	http://10.0.0.122:53481/wd/hub
[35m[Appium][39m 	http://127.0.0.1:53481/wd/hub (only accessible from the same host)
[35m[Appium][39m Available drivers:
[35m[Appium][39m   - uiautomator2@3.0.0 (automationName 'UiAutomator2')
[35m[Appium][39m No plugins have been installed. Use the "appium plugin" command to install the one(s) you want to use.
[38;5;0m[HTTP][0m [37m-->[39m [37mGET[39m [37m/wd/hub/status[39m
[38;5;0m[HTTP][0m [90m{}[39m
[38;5;0m[HTTP][0m [37m<-- GET /wd/hub/status [39m[32m200[39m [90m9 ms - 110[39m
[38;5;0m[HTTP][0m [90m[39m
[38;5;0m[HTTP][0m [37m-->[39m [37mPOST[39m [37m/wd/hub/session[39m
[38;5;0m[HTTP][0m [90m{"desiredCapabilities":{"appium:systemPort":53480,"appium:newCommandTimeout":1800,"appium:automationName":"uiautomator2","appium:fullReset":true,"appium:platformVersion":"7.0","appium:noReset":false,"appium:udid":"emulator-5554","appium:autoGrantPermissions":true,"appium:platformName":"ANDROID","appium:deviceName":"emulator-5554 (Android SDK built for x86 - Android 7.0)","platformName":"Android","appium:app":"C:\\Users\\LENOVO\\Downloads\\Advantage+demo+3.2.apk"},"capabilities":{"firstMatch":[{"appium:app":"C:\\Users\\LENOVO\\Downloads\\Advantage+demo+3.2.apk","appium:autoGrantPermissions":true,"appium:automationName":"uiautomator2","appium:deviceName":"emulator-5554 (Android SDK built for x86 - Android 7.0)","appium:fullReset":true,"appium:newCommandTimeout":1800,"appium:noReset":false,"appium:platformName":"ANDROID","appium:platformVersion":"7.0","appium:systemPort":53480,"appium:udid":"emulator-5554","platformName":"android"}]}}[39m
[38;5;32m[BaseDriver][0m Ignoring capability 'appium:platformName=ANDROID' and using capability 'platformName=android'
[38;5;32m[BaseDriver][0m The capabilities ["platformName"] are standard capabilities and do not require "appium:" prefix
[35m[Appium][39m Attempting to find matching driver for automationName 'uiautomator2' and platformName 'android'
[35m[Appium][39m The 'uiautomator2' driver was installed and matched caps.
[35m[Appium][39m Will require it at C:\Users\LENOVO\.appium\node_modules\appium-uiautomator2-driver
[38;5;16m[AppiumDriver@0c23][0m Appium v2.5.0 creating new AndroidUiautomator2Driver (v3.0.0) session
[38;5;16m[AppiumDriver@0c23][0m Checking BaseDriver versions for Appium and AndroidUiautomator2Driver
[38;5;16m[AppiumDriver@0c23][0m Appium's BaseDriver version is 9.5.1
[38;5;16m[AppiumDriver@0c23][0m AndroidUiautomator2Driver's BaseDriver version is 9.5.1
[38;5;48m[AndroidUiautomator2Driver@ebb3 (1c00a34a)][0m Session created with session id: 1c00a34a-66a2-433b-8395-1d2f434edd1e
[38;5;64m[ADB][0m Found 1 'build-tools' folders under 'C:\Users\LENOVO\.katalon\tools\android_sdk' (newest first):
[38;5;64m[ADB][0m     C:\Users\LENOVO\.katalon\tools\android_sdk\build-tools\29.0.3
[38;5;64m[ADB][0m Using 'adb.exe' from 'C:\Users\LENOVO\.katalon\tools\android_sdk\platform-tools\adb.exe'
[38;5;48m[AndroidUiautomator2Driver@ebb3 (1c00a34a)][0m Retrieving device list
[38;5;48m[AndroidUiautomator2Driver@ebb3 (1c00a34a)][0m Using device: emulator-5554
[38;5;64m[ADB][0m Using 'adb.exe' from 'C:\Users\LENOVO\.katalon\tools\android_sdk\platform-tools\adb.exe'
[38;5;32m[BaseDriver][0m Using local app 'C:\Users\LENOVO\Downloads\Advantage+demo+3.2.apk'
[38;5;64m[ADB][0m Package name: 'com.Advantage.aShopping'
[38;5;64m[ADB][0m Main activity name: 'com.Advantage.aShopping.SplashActivity'
[38;5;64m[ADB][0m Using 'apksigner.jar' from 'C:\Users\LENOVO\.katalon\tools\android_sdk\build-tools\29.0.3\lib\apksigner.jar'
[38;5;64m[ADB][0m 'C:\Users\LENOVO\.appium\node_modules\appium-uiautomator2-driver\node_modules\appium-uiautomator2-server\apks\appium-uiautomator2-server-debug-androidTest.apk' is signed with the default certificate
[38;5;64m[ADB][0m 'C:\Users\LENOVO\Downloads\Advantage+demo+3.2.apk' is signed with a non-default certificate
[38;5;64m[ADB][0m 'C:\Users\LENOVO\.appium\node_modules\appium-uiautomator2-driver\node_modules\appium-uiautomator2-server\apks\appium-uiautomator2-server-v7.0.0.apk' is signed with the default certificate
[38;5;64m[ADB][0m com.Advantage.aShopping was not uninstalled, because it was not present on the device
[38;5;64m[ADB][0m The application at 'C:\Users\LENOVO\Downloads\Advantage+demo+3.2.apk' will not be cached, because the device under test has confirmed the support of streamed installs
[38;5;48m[AndroidUiautomator2Driver@ebb3 (1c00a34a)][0m Server packages are not going to be (re)installed
[38;5;64m[ADB][0m Adding packages ["io.appium.settings","io.appium.uiautomator2.server","io.appium.uiautomator2.server.test"] to Doze whitelist
[38;5;64m[ADB][0m The installation of 'Advantage+demo+3.2.apk' took 5111ms
[38;5;48m[AndroidUiautomator2Driver@ebb3 (1c00a34a)][0m Starting UIAutomator2 server 7.0.0
[38;5;48m[AndroidUiautomator2Driver@ebb3 (1c00a34a)][0m Using UIAutomator2 server from 'C:\Users\LENOVO\.appium\node_modules\appium-uiautomator2-driver\node_modules\appium-uiautomator2-server\apks\appium-uiautomator2-server-v7.0.0.apk' and test from 'C:\Users\LENOVO\.appium\node_modules\appium-uiautomator2-driver\node_modules\appium-uiautomator2-server\apks\appium-uiautomator2-server-debug-androidTest.apk'
[38;5;48m[AndroidUiautomator2Driver@ebb3 (1c00a34a)][0m Waiting up to 30000ms for UiAutomator2 to be online...
[38;5;48m[AndroidUiautomator2Driver@ebb3 (1c00a34a)][0m socket hang up
[38;5;48m[AndroidUiautomator2Driver@ebb3 (1c00a34a)][0m socket hang up
[38;5;48m[AndroidUiautomator2Driver@ebb3 (1c00a34a)][0m Determined the downstream protocol as 'W3C'
[38;5;48m[AndroidUiautomator2Driver@ebb3 (1c00a34a)][0m Screen already unlocked, doing nothing
[38;5;48m[AndroidUiautomator2Driver@ebb3 (1c00a34a)][0m Starting 'com.Advantage.aShopping/com.Advantage.aShopping.SplashActivity and waiting for 'com.Advantage.aShopping/com.Advantage.aShopping.SplashActivity'
[38;5;16m[AppiumDriver@0c23][0m New AndroidUiautomator2Driver session created successfully, session 1c00a34a-66a2-433b-8395-1d2f434edd1e added to master session list
[38;5;0m[HTTP][0m [37m<-- POST /wd/hub/session [39m[32m200[39m [90m19408 ms - 1238[39m
[38;5;0m[HTTP][0m [90m[39m
[38;5;0m[HTTP][0m [37m-->[39m [37mGET[39m [37m/wd/hub/session/1c00a34a-66a2-433b-8395-1d2f434edd1e[39m
[38;5;0m[HTTP][0m [90m{}[39m
[38;5;0m[HTTP][0m [37m<-- GET /wd/hub/session/1c00a34a-66a2-433b-8395-1d2f434edd1e [39m[32m200[39m [90m26 ms - 374[39m
[38;5;0m[HTTP][0m [90m[39m
[38;5;0m[HTTP][0m [37m-->[39m [37mGET[39m [37m/wd/hub/session/1c00a34a-66a2-433b-8395-1d2f434edd1e[39m
[38;5;0m[HTTP][0m [90m{}[39m
[38;5;0m[HTTP][0m [37m<-- GET /wd/hub/session/1c00a34a-66a2-433b-8395-1d2f434edd1e [39m[32m200[39m [90m21 ms - 374[39m
[38;5;0m[HTTP][0m [90m[39m
[38;5;0m[HTTP][0m [37m-->[39m [37mGET[39m [37m/wd/hub/status[39m
[38;5;0m[HTTP][0m [90m{}[39m
[38;5;0m[HTTP][0m [37m<-- GET /wd/hub/status [39m[32m200[39m [90m3 ms - 110[39m
[38;5;0m[HTTP][0m [90m[39m
[38;5;0m[HTTP][0m [37m-->[39m [37mPOST[39m [37m/wd/hub/session/1c00a34a-66a2-433b-8395-1d2f434edd1e/timeouts[39m
[38;5;0m[HTTP][0m [90m{"implicit":30000}[39m
[38;5;0m[HTTP][0m [37m<-- POST /wd/hub/session/1c00a34a-66a2-433b-8395-1d2f434edd1e/timeouts [39m[32m200[39m [90m9 ms - 14[39m
[38;5;0m[HTTP][0m [90m[39m
[38;5;0m[HTTP][0m [37m-->[39m [37mGET[39m [37m/wd/hub/session/1c00a34a-66a2-433b-8395-1d2f434edd1e/appium/device/system_bars[39m
[38;5;0m[HTTP][0m [90m{}[39m
[38;5;0m[HTTP][0m [37m<-- GET /wd/hub/session/1c00a34a-66a2-433b-8395-1d2f434edd1e/appium/device/system_bars [39m[32m200[39m [90m278 ms - 148[39m
[38;5;0m[HTTP][0m [90m[39m
[38;5;0m[HTTP][0m [37m-->[39m [37mPOST[39m [37m/wd/hub/session/1c00a34a-66a2-433b-8395-1d2f434edd1e/timeouts[39m
[38;5;0m[HTTP][0m [90m{"implicit":50}[39m
[38;5;0m[HTTP][0m [37m<-- POST /wd/hub/session/1c00a34a-66a2-433b-8395-1d2f434edd1e/timeouts [39m[32m200[39m [90m3 ms - 14[39m
[38;5;0m[HTTP][0m [90m[39m
[38;5;0m[HTTP][0m [37m-->[39m [37mGET[39m [37m/wd/hub/session/1c00a34a-66a2-433b-8395-1d2f434edd1e/window/rect[39m
[38;5;0m[HTTP][0m [90m{}[39m
[38;5;0m[HTTP][0m [37m<-- GET /wd/hub/session/1c00a34a-66a2-433b-8395-1d2f434edd1e/window/rect [39m[32m200[39m [90m42 ms - 49[39m
[38;5;0m[HTTP][0m [90m[39m
[38;5;0m[HTTP][0m [37m-->[39m [37mPOST[39m [37m/wd/hub/session/1c00a34a-66a2-433b-8395-1d2f434edd1e/elements[39m
[38;5;0m[HTTP][0m [90m{"using":"xpath","value":"//*[@class = 'android.widget.ImageView' and @resource-id = 'com.Advantage.aShopping:id/imageViewMenu' and (@text = '' or . = '')]"}[39m
[38;5;0m[HTTP][0m [37m<-- POST /wd/hub/session/1c00a34a-66a2-433b-8395-1d2f434edd1e/elements [39m[32m200[39m [90m710 ms - 12[39m
[38;5;0m[HTTP][0m [90m[39m
[38;5;0m[HTTP][0m [37m-->[39m [37mPOST[39m [37m/wd/hub/session/1c00a34a-66a2-433b-8395-1d2f434edd1e/elements[39m
[38;5;0m[HTTP][0m [90m{"using":"xpath","value":"//*[@class = 'android.widget.ImageView' and @resource-id = 'com.Advantage.aShopping:id/imageViewMenu' and (@text = '' or . = '')]"}[39m
[38;5;0m[HTTP][0m [37m<-- POST /wd/hub/session/1c00a34a-66a2-433b-8395-1d2f434edd1e/elements [39m[32m200[39m [90m165 ms - 12[39m
[38;5;0m[HTTP][0m [90m[39m
[38;5;0m[HTTP][0m [37m-->[39m [37mPOST[39m [37m/wd/hub/session/1c00a34a-66a2-433b-8395-1d2f434edd1e/elements[39m
[38;5;0m[HTTP][0m [90m{"using":"xpath","value":"//*[@class = 'android.widget.ImageView' and @resource-id = 'com.Advantage.aShopping:id/imageViewMenu' and (@text = '' or . = '')]"}[39m
[38;5;0m[HTTP][0m [37m<-- POST /wd/hub/session/1c00a34a-66a2-433b-8395-1d2f434edd1e/elements [39m[32m200[39m [90m369 ms - 12[39m
[38;5;0m[HTTP][0m [90m[39m
[38;5;0m[HTTP][0m [37m-->[39m [37mPOST[39m [37m/wd/hub/session/1c00a34a-66a2-433b-8395-1d2f434edd1e/elements[39m
[38;5;0m[HTTP][0m [90m{"using":"xpath","value":"//*[@class = 'android.widget.ImageView' and @resource-id = 'com.Advantage.aShopping:id/imageViewMenu' and (@text = '' or . = '')]"}[39m
[38;5;0m[HTTP][0m [37m<-- POST /wd/hub/session/1c00a34a-66a2-433b-8395-1d2f434edd1e/elements [39m[32m200[39m [90m1306 ms - 139[39m
[38;5;0m[HTTP][0m [90m[39m
[38;5;0m[HTTP][0m [37m-->[39m [37mGET[39m [37m/wd/hub/session/1c00a34a-66a2-433b-8395-1d2f434edd1e/element/00000000-0000-073f-7fff-ffff0000001f/location[39m
[38;5;0m[HTTP][0m [90m{}[39m
[38;5;48m[AndroidUiautomator2Driver@ebb3 (1c00a34a)][0m Driver proxy active, passing request on via HTTP proxy
[38;5;48m[AndroidUiautomator2Driver@ebb3 (1c00a34a)][0m Replacing sessionId 95bf132c-8624-4f4f-8a9e-6605e78f9b5f with 1c00a34a-66a2-433b-8395-1d2f434edd1e
[38;5;0m[HTTP][0m [37m<-- GET /wd/hub/session/1c00a34a-66a2-433b-8395-1d2f434edd1e/element/00000000-0000-073f-7fff-ffff0000001f/location [39m[32m200[39m [90m52 ms - 75[39m
[38;5;0m[HTTP][0m [90m[39m
[38;5;0m[HTTP][0m [37m-->[39m [37mPOST[39m [37m/wd/hub/session/1c00a34a-66a2-433b-8395-1d2f434edd1e/timeouts[39m
[38;5;0m[HTTP][0m [90m{"implicit":30000}[39m
[38;5;0m[HTTP][0m [37m<-- POST /wd/hub/session/1c00a34a-66a2-433b-8395-1d2f434edd1e/timeouts [39m[32m200[39m [90m3 ms - 14[39m
[38;5;0m[HTTP][0m [90m[39m
[38;5;0m[HTTP][0m [37m-->[39m [37mPOST[39m [37m/wd/hub/session/1c00a34a-66a2-433b-8395-1d2f434edd1e/element/00000000-0000-073f-7fff-ffff0000001f/click[39m
[38;5;0m[HTTP][0m [90m{"id":"00000000-0000-073f-7fff-ffff0000001f"}[39m
[38;5;0m[HTTP][0m [37m<-- POST /wd/hub/session/1c00a34a-66a2-433b-8395-1d2f434edd1e/element/00000000-0000-073f-7fff-ffff0000001f/click [39m[32m200[39m [90m58 ms - 14[39m
[38;5;0m[HTTP][0m [90m[39m
[38;5;0m[HTTP][0m [37m-->[39m [37mPOST[39m [37m/wd/hub/session/1c00a34a-66a2-433b-8395-1d2f434edd1e/timeouts[39m
[38;5;0m[HTTP][0m [90m{"implicit":50}[39m
[38;5;0m[HTTP][0m [37m<-- POST /wd/hub/session/1c00a34a-66a2-433b-8395-1d2f434edd1e/timeouts [39m[32m200[39m [90m3 ms - 14[39m
[38;5;0m[HTTP][0m [90m[39m
[38;5;0m[HTTP][0m [37m-->[39m [37mGET[39m [37m/wd/hub/session/1c00a34a-66a2-433b-8395-1d2f434edd1e/window/rect[39m
[38;5;0m[HTTP][0m [90m{}[39m
[38;5;0m[HTTP][0m [37m<-- GET /wd/hub/session/1c00a34a-66a2-433b-8395-1d2f434edd1e/window/rect [39m[32m200[39m [90m27 ms - 49[39m
[38;5;0m[HTTP][0m [90m[39m
[38;5;0m[HTTP][0m [37m-->[39m [37mPOST[39m [37m/wd/hub/session/1c00a34a-66a2-433b-8395-1d2f434edd1e/elements[39m
[38;5;0m[HTTP][0m [90m{"using":"xpath","value":"//*[@class = 'android.widget.LinearLayout' and @resource-id = 'com.Advantage.aShopping:id/linearLayoutLogin' and (@text = '' or . = '')]"}[39m
[38;5;0m[HTTP][0m [37m<-- POST /wd/hub/session/1c00a34a-66a2-433b-8395-1d2f434edd1e/elements [39m[32m200[39m [90m1229 ms - 139[39m
[38;5;0m[HTTP][0m [90m[39m
[38;5;0m[HTTP][0m [37m-->[39m [37mGET[39m [37m/wd/hub/session/1c00a34a-66a2-433b-8395-1d2f434edd1e/element/00000000-0000-073f-7fff-ffff00000038/location[39m
[38;5;0m[HTTP][0m [90m{}[39m
[38;5;48m[AndroidUiautomator2Driver@ebb3 (1c00a34a)][0m Driver proxy active, passing request on via HTTP proxy
[38;5;48m[AndroidUiautomator2Driver@ebb3 (1c00a34a)][0m Replacing sessionId 95bf132c-8624-4f4f-8a9e-6605e78f9b5f with 1c00a34a-66a2-433b-8395-1d2f434edd1e
[38;5;0m[HTTP][0m [37m<-- GET /wd/hub/session/1c00a34a-66a2-433b-8395-1d2f434edd1e/element/00000000-0000-073f-7fff-ffff00000038/location [39m[32m200[39m [90m35 ms - 76[39m
[38;5;0m[HTTP][0m [90m[39m
[38;5;0m[HTTP][0m [37m-->[39m [37mPOST[39m [37m/wd/hub/session/1c00a34a-66a2-433b-8395-1d2f434edd1e/timeouts[39m
[38;5;0m[HTTP][0m [90m{"implicit":30000}[39m
[38;5;0m[HTTP][0m [37m<-- POST /wd/hub/session/1c00a34a-66a2-433b-8395-1d2f434edd1e/timeouts [39m[32m200[39m [90m2 ms - 14[39m
[38;5;0m[HTTP][0m [90m[39m
[38;5;0m[HTTP][0m [37m-->[39m [37mPOST[39m [37m/wd/hub/session/1c00a34a-66a2-433b-8395-1d2f434edd1e/element/00000000-0000-073f-7fff-ffff00000038/click[39m
[38;5;0m[HTTP][0m [90m{"id":"00000000-0000-073f-7fff-ffff00000038"}[39m
[38;5;0m[HTTP][0m [37m<-- POST /wd/hub/session/1c00a34a-66a2-433b-8395-1d2f434edd1e/element/00000000-0000-073f-7fff-ffff00000038/click [39m[32m200[39m [90m140 ms - 14[39m
[38;5;0m[HTTP][0m [90m[39m
[38;5;0m[HTTP][0m [37m-->[39m [37mPOST[39m [37m/wd/hub/session/1c00a34a-66a2-433b-8395-1d2f434edd1e/timeouts[39m
[38;5;0m[HTTP][0m [90m{"implicit":50}[39m
[38;5;0m[HTTP][0m [37m<-- POST /wd/hub/session/1c00a34a-66a2-433b-8395-1d2f434edd1e/timeouts [39m[32m200[39m [90m3 ms - 14[39m
[38;5;0m[HTTP][0m [90m[39m
[38;5;0m[HTTP][0m [37m-->[39m [37mGET[39m [37m/wd/hub/session/1c00a34a-66a2-433b-8395-1d2f434edd1e/window/rect[39m
[38;5;0m[HTTP][0m [90m{}[39m
[38;5;0m[HTTP][0m [37m<-- GET /wd/hub/session/1c00a34a-66a2-433b-8395-1d2f434edd1e/window/rect [39m[32m200[39m [90m23 ms - 49[39m
[38;5;0m[HTTP][0m [90m[39m
[38;5;0m[HTTP][0m [37m-->[39m [37mPOST[39m [37m/wd/hub/session/1c00a34a-66a2-433b-8395-1d2f434edd1e/elements[39m
[38;5;0m[HTTP][0m [90m{"using":"xpath","value":"//hierarchy/android.widget.FrameLayout[1]/android.widget.LinearLayout[1]/android.widget.FrameLayout[1]/android.widget.LinearLayout[1]/android.widget.FrameLayout[1]/android.widget.RelativeLayout[1]/android.widget.LinearLayout[2]/android.widget.RelativeLayout[3]/android.widget.EditText[1]"}[39m
[38;5;0m[HTTP][0m [37m<-- POST /wd/hub/session/1c00a34a-66a2-433b-8395-1d2f434edd1e/elements [39m[32m200[39m [90m1417 ms - 139[39m
[38;5;0m[HTTP][0m [90m[39m
[38;5;0m[HTTP][0m [37m-->[39m [37mGET[39m [37m/wd/hub/session/1c00a34a-66a2-433b-8395-1d2f434edd1e/element/00000000-0000-0740-7fff-ffff00000060/location[39m
[38;5;0m[HTTP][0m [90m{}[39m
[38;5;48m[AndroidUiautomator2Driver@ebb3 (1c00a34a)][0m Driver proxy active, passing request on via HTTP proxy
[38;5;48m[AndroidUiautomator2Driver@ebb3 (1c00a34a)][0m Replacing sessionId 95bf132c-8624-4f4f-8a9e-6605e78f9b5f with 1c00a34a-66a2-433b-8395-1d2f434edd1e
[38;5;0m[HTTP][0m [37m<-- GET /wd/hub/session/1c00a34a-66a2-433b-8395-1d2f434edd1e/element/00000000-0000-0740-7fff-ffff00000060/location [39m[32m200[39m [90m25 ms - 77[39m
[38;5;0m[HTTP][0m [90m[39m
[38;5;0m[HTTP][0m [37m-->[39m [37mPOST[39m [37m/wd/hub/session/1c00a34a-66a2-433b-8395-1d2f434edd1e/timeouts[39m
[38;5;0m[HTTP][0m [90m{"implicit":30000}[39m
[38;5;0m[HTTP][0m [37m<-- POST /wd/hub/session/1c00a34a-66a2-433b-8395-1d2f434edd1e/timeouts [39m[32m200[39m [90m2 ms - 14[39m
[38;5;0m[HTTP][0m [90m[39m
[38;5;0m[HTTP][0m [37m-->[39m [37mPOST[39m [37m/wd/hub/session/1c00a34a-66a2-433b-8395-1d2f434edd1e/element/00000000-0000-0740-7fff-ffff00000060/click[39m
[38;5;0m[HTTP][0m [90m{"id":"00000000-0000-0740-7fff-ffff00000060"}[39m
[38;5;0m[HTTP][0m [37m<-- POST /wd/hub/session/1c00a34a-66a2-433b-8395-1d2f434edd1e/element/00000000-0000-0740-7fff-ffff00000060/click [39m[32m200[39m [90m53 ms - 14[39m
[38;5;0m[HTTP][0m [90m[39m
[38;5;0m[HTTP][0m [37m-->[39m [37mPOST[39m [37m/wd/hub/session/1c00a34a-66a2-433b-8395-1d2f434edd1e/timeouts[39m
[38;5;0m[HTTP][0m [90m{"implicit":50}[39m
[38;5;0m[HTTP][0m [37m<-- POST /wd/hub/session/1c00a34a-66a2-433b-8395-1d2f434edd1e/timeouts [39m[32m200[39m [90m3 ms - 14[39m
[38;5;0m[HTTP][0m [90m[39m
[38;5;0m[HTTP][0m [37m-->[39m [37mGET[39m [37m/wd/hub/session/1c00a34a-66a2-433b-8395-1d2f434edd1e/window/rect[39m
[38;5;0m[HTTP][0m [90m{}[39m
[38;5;0m[HTTP][0m [37m<-- GET /wd/hub/session/1c00a34a-66a2-433b-8395-1d2f434edd1e/window/rect [39m[32m200[39m [90m21 ms - 49[39m
[38;5;0m[HTTP][0m [90m[39m
[38;5;0m[HTTP][0m [37m-->[39m [37mPOST[39m [37m/wd/hub/session/1c00a34a-66a2-433b-8395-1d2f434edd1e/elements[39m
[38;5;0m[HTTP][0m [90m{"using":"xpath","value":"//hierarchy/android.widget.FrameLayout[1]/android.widget.LinearLayout[1]/android.widget.FrameLayout[1]/android.widget.LinearLayout[1]/android.widget.FrameLayout[1]/android.widget.RelativeLayout[1]/android.widget.LinearLayout[2]/android.widget.RelativeLayout[3]/android.widget.EditText[1]"}[39m
[38;5;0m[HTTP][0m [37m<-- POST /wd/hub/session/1c00a34a-66a2-433b-8395-1d2f434edd1e/elements [39m[32m200[39m [90m784 ms - 139[39m
[38;5;0m[HTTP][0m [90m[39m
[38;5;0m[HTTP][0m [37m-->[39m [37mGET[39m [37m/wd/hub/session/1c00a34a-66a2-433b-8395-1d2f434edd1e/element/00000000-0000-0740-7fff-ffff00000060/location[39m
[38;5;0m[HTTP][0m [90m{}[39m
[38;5;48m[AndroidUiautomator2Driver@ebb3 (1c00a34a)][0m Driver proxy active, passing request on via HTTP proxy
[38;5;48m[AndroidUiautomator2Driver@ebb3 (1c00a34a)][0m Replacing sessionId 95bf132c-8624-4f4f-8a9e-6605e78f9b5f with 1c00a34a-66a2-433b-8395-1d2f434edd1e
[38;5;0m[HTTP][0m [37m<-- GET /wd/hub/session/1c00a34a-66a2-433b-8395-1d2f434edd1e/element/00000000-0000-0740-7fff-ffff00000060/location [39m[32m200[39m [90m29 ms - 77[39m
[38;5;0m[HTTP][0m [90m[39m
[38;5;0m[HTTP][0m [37m-->[39m [37mPOST[39m [37m/wd/hub/session/1c00a34a-66a2-433b-8395-1d2f434edd1e/timeouts[39m
[38;5;0m[HTTP][0m [90m{"implicit":30000}[39m
[38;5;0m[HTTP][0m [37m<-- POST /wd/hub/session/1c00a34a-66a2-433b-8395-1d2f434edd1e/timeouts [39m[32m200[39m [90m3 ms - 14[39m
[38;5;0m[HTTP][0m [90m[39m
[38;5;0m[HTTP][0m [37m-->[39m [37mPOST[39m [37m/wd/hub/session/1c00a34a-66a2-433b-8395-1d2f434edd1e/element/00000000-0000-0740-7fff-ffff00000060/clear[39m
[38;5;0m[HTTP][0m [90m{"id":"00000000-0000-0740-7fff-ffff00000060"}[39m
[38;5;0m[HTTP][0m [37m<-- POST /wd/hub/session/1c00a34a-66a2-433b-8395-1d2f434edd1e/element/00000000-0000-0740-7fff-ffff00000060/clear [39m[32m200[39m [90m54 ms - 14[39m
[38;5;0m[HTTP][0m [90m[39m
[38;5;0m[HTTP][0m [37m-->[39m [37mPOST[39m [37m/wd/hub/session/1c00a34a-66a2-433b-8395-1d2f434edd1e/element/00000000-0000-0740-7fff-ffff00000060/click[39m
[38;5;0m[HTTP][0m [90m{"id":"00000000-0000-0740-7fff-ffff00000060"}[39m
[38;5;0m[HTTP][0m [37m<-- POST /wd/hub/session/1c00a34a-66a2-433b-8395-1d2f434edd1e/element/00000000-0000-0740-7fff-ffff00000060/click [39m[32m200[39m [90m768 ms - 14[39m
[38;5;0m[HTTP][0m [90m[39m
[38;5;0m[HTTP][0m [37m-->[39m [37mPOST[39m [37m/wd/hub/session/1c00a34a-66a2-433b-8395-1d2f434edd1e/element/00000000-0000-0740-7fff-ffff00000060/value[39m
[38;5;0m[HTTP][0m [90m{"id":"00000000-0000-0740-7fff-ffff00000060","text":"Lalaye","value":["L","a","l","a","y","e"]}[39m
[38;5;0m[HTTP][0m [37m<-- POST /wd/hub/session/1c00a34a-66a2-433b-8395-1d2f434edd1e/element/00000000-0000-0740-7fff-ffff00000060/value [39m[32m200[39m [90m525 ms - 14[39m
[38;5;0m[HTTP][0m [90m[39m
[38;5;0m[HTTP][0m [37m-->[39m [37mPOST[39m [37m/wd/hub/session/1c00a34a-66a2-433b-8395-1d2f434edd1e/timeouts[39m
[38;5;0m[HTTP][0m [90m{"implicit":50}[39m
[38;5;0m[HTTP][0m [37m<-- POST /wd/hub/session/1c00a34a-66a2-433b-8395-1d2f434edd1e/timeouts [39m[32m200[39m [90m2 ms - 14[39m
[38;5;0m[HTTP][0m [90m[39m
[38;5;0m[HTTP][0m [37m-->[39m [37mGET[39m [37m/wd/hub/session/1c00a34a-66a2-433b-8395-1d2f434edd1e/window/rect[39m
[38;5;0m[HTTP][0m [90m{}[39m
[38;5;0m[HTTP][0m [37m<-- GET /wd/hub/session/1c00a34a-66a2-433b-8395-1d2f434edd1e/window/rect [39m[32m200[39m [90m15 ms - 49[39m
[38;5;0m[HTTP][0m [90m[39m
[38;5;0m[HTTP][0m [37m-->[39m [37mPOST[39m [37m/wd/hub/session/1c00a34a-66a2-433b-8395-1d2f434edd1e/elements[39m
[38;5;0m[HTTP][0m [90m{"using":"xpath","value":"//hierarchy/android.widget.FrameLayout[1]/android.widget.LinearLayout[1]/android.widget.FrameLayout[1]/android.widget.LinearLayout[1]/android.widget.FrameLayout[1]/android.widget.RelativeLayout[1]/android.widget.LinearLayout[2]/android.widget.RelativeLayout[4]/android.widget.EditText[1]"}[39m
[38;5;0m[HTTP][0m [37m<-- POST /wd/hub/session/1c00a34a-66a2-433b-8395-1d2f434edd1e/elements [39m[32m200[39m [90m753 ms - 139[39m
[38;5;0m[HTTP][0m [90m[39m
[38;5;0m[HTTP][0m [37m-->[39m [37mGET[39m [37m/wd/hub/session/1c00a34a-66a2-433b-8395-1d2f434edd1e/element/00000000-0000-0740-7fff-ffff00000075/location[39m
[38;5;0m[HTTP][0m [90m{}[39m
[38;5;48m[AndroidUiautomator2Driver@ebb3 (1c00a34a)][0m Driver proxy active, passing request on via HTTP proxy
[38;5;48m[AndroidUiautomator2Driver@ebb3 (1c00a34a)][0m Replacing sessionId 95bf132c-8624-4f4f-8a9e-6605e78f9b5f with 1c00a34a-66a2-433b-8395-1d2f434edd1e
[38;5;0m[HTTP][0m [37m<-- GET /wd/hub/session/1c00a34a-66a2-433b-8395-1d2f434edd1e/element/00000000-0000-0740-7fff-ffff00000075/location [39m[32m200[39m [90m25 ms - 77[39m
[38;5;0m[HTTP][0m [90m[39m
[38;5;0m[HTTP][0m [37m-->[39m [37mPOST[39m [37m/wd/hub/session/1c00a34a-66a2-433b-8395-1d2f434edd1e/timeouts[39m
[38;5;0m[HTTP][0m [90m{"implicit":30000}[39m
[38;5;0m[HTTP][0m [37m<-- POST /wd/hub/session/1c00a34a-66a2-433b-8395-1d2f434edd1e/timeouts [39m[32m200[39m [90m2 ms - 14[39m
[38;5;0m[HTTP][0m [90m[39m
[38;5;0m[HTTP][0m [37m-->[39m [37mPOST[39m [37m/wd/hub/session/1c00a34a-66a2-433b-8395-1d2f434edd1e/element/00000000-0000-0740-7fff-ffff00000075/click[39m
[38;5;0m[HTTP][0m [90m{"id":"00000000-0000-0740-7fff-ffff00000075"}[39m
[38;5;0m[HTTP][0m [37m<-- POST /wd/hub/session/1c00a34a-66a2-433b-8395-1d2f434edd1e/element/00000000-0000-0740-7fff-ffff00000075/click [39m[32m200[39m [90m59 ms - 14[39m
[38;5;0m[HTTP][0m [90m[39m
[38;5;0m[HTTP][0m [37m-->[39m [37mPOST[39m [37m/wd/hub/session/1c00a34a-66a2-433b-8395-1d2f434edd1e/timeouts[39m
[38;5;0m[HTTP][0m [90m{"implicit":50}[39m
[38;5;0m[HTTP][0m [37m<-- POST /wd/hub/session/1c00a34a-66a2-433b-8395-1d2f434edd1e/timeouts [39m[32m200[39m [90m3 ms - 14[39m
[38;5;0m[HTTP][0m [90m[39m
[38;5;0m[HTTP][0m [37m-->[39m [37mGET[39m [37m/wd/hub/session/1c00a34a-66a2-433b-8395-1d2f434edd1e/window/rect[39m
[38;5;0m[HTTP][0m [90m{}[39m
[38;5;0m[HTTP][0m [37m<-- GET /wd/hub/session/1c00a34a-66a2-433b-8395-1d2f434edd1e/window/rect [39m[32m200[39m [90m32 ms - 49[39m
[38;5;0m[HTTP][0m [90m[39m
[38;5;0m[HTTP][0m [37m-->[39m [37mPOST[39m [37m/wd/hub/session/1c00a34a-66a2-433b-8395-1d2f434edd1e/elements[39m
[38;5;0m[HTTP][0m [90m{"using":"xpath","value":"//hierarchy/android.widget.FrameLayout[1]/android.widget.LinearLayout[1]/android.widget.FrameLayout[1]/android.widget.LinearLayout[1]/android.widget.FrameLayout[1]/android.widget.RelativeLayout[1]/android.widget.LinearLayout[2]/android.widget.RelativeLayout[4]/android.widget.EditText[1]"}[39m
[38;5;0m[HTTP][0m [37m<-- POST /wd/hub/session/1c00a34a-66a2-433b-8395-1d2f434edd1e/elements [39m[32m200[39m [90m796 ms - 139[39m
[38;5;0m[HTTP][0m [90m[39m
[38;5;0m[HTTP][0m [37m-->[39m [37mGET[39m [37m/wd/hub/session/1c00a34a-66a2-433b-8395-1d2f434edd1e/element/00000000-0000-0740-7fff-ffff00000075/location[39m
[38;5;0m[HTTP][0m [90m{}[39m
[38;5;48m[AndroidUiautomator2Driver@ebb3 (1c00a34a)][0m Driver proxy active, passing request on via HTTP proxy
[38;5;48m[AndroidUiautomator2Driver@ebb3 (1c00a34a)][0m Replacing sessionId 95bf132c-8624-4f4f-8a9e-6605e78f9b5f with 1c00a34a-66a2-433b-8395-1d2f434edd1e
[38;5;0m[HTTP][0m [37m<-- GET /wd/hub/session/1c00a34a-66a2-433b-8395-1d2f434edd1e/element/00000000-0000-0740-7fff-ffff00000075/location [39m[32m200[39m [90m30 ms - 77[39m
[38;5;0m[HTTP][0m [90m[39m
[38;5;0m[HTTP][0m [37m-->[39m [37mPOST[39m [37m/wd/hub/session/1c00a34a-66a2-433b-8395-1d2f434edd1e/timeouts[39m
[38;5;0m[HTTP][0m [90m{"implicit":30000}[39m
[38;5;0m[HTTP][0m [37m<-- POST /wd/hub/session/1c00a34a-66a2-433b-8395-1d2f434edd1e/timeouts [39m[32m200[39m [90m3 ms - 14[39m
[38;5;0m[HTTP][0m [90m[39m
[38;5;0m[HTTP][0m [37m-->[39m [37mPOST[39m [37m/wd/hub/session/1c00a34a-66a2-433b-8395-1d2f434edd1e/element/00000000-0000-0740-7fff-ffff00000075/clear[39m
[38;5;0m[HTTP][0m [90m{"id":"00000000-0000-0740-7fff-ffff00000075"}[39m
[38;5;0m[HTTP][0m [37m<-- POST /wd/hub/session/1c00a34a-66a2-433b-8395-1d2f434edd1e/element/00000000-0000-0740-7fff-ffff00000075/clear [39m[32m200[39m [90m46 ms - 14[39m
[38;5;0m[HTTP][0m [90m[39m
[38;5;0m[HTTP][0m [37m-->[39m [37mPOST[39m [37m/wd/hub/session/1c00a34a-66a2-433b-8395-1d2f434edd1e/element/00000000-0000-0740-7fff-ffff00000075/click[39m
[38;5;0m[HTTP][0m [90m{"id":"00000000-0000-0740-7fff-ffff00000075"}[39m
[38;5;0m[HTTP][0m [37m<-- POST /wd/hub/session/1c00a34a-66a2-433b-8395-1d2f434edd1e/element/00000000-0000-0740-7fff-ffff00000075/click [39m[32m200[39m [90m535 ms - 14[39m
[38;5;0m[HTTP][0m [90m[39m
[38;5;0m[HTTP][0m [37m-->[39m [37mPOST[39m [37m/wd/hub/session/1c00a34a-66a2-433b-8395-1d2f434edd1e/element/00000000-0000-0740-7fff-ffff00000075/value[39m
[38;5;0m[HTTP][0m [90m{"id":"00000000-0000-0740-7fff-ffff00000075","text":"@lalayeye01A","value":["@","l","a","l","a","y","e","y","e","0","1","A"]}[39m
[38;5;0m[HTTP][0m [37m<-- POST /wd/hub/session/1c00a34a-66a2-433b-8395-1d2f434edd1e/element/00000000-0000-0740-7fff-ffff00000075/value [39m[32m200[39m [90m546 ms - 14[39m
[38;5;0m[HTTP][0m [90m[39m
[38;5;0m[HTTP][0m [37m-->[39m [37mGET[39m [37m/wd/hub/session/1c00a34a-66a2-433b-8395-1d2f434edd1e/context[39m
[38;5;0m[HTTP][0m [90m{}[39m
[38;5;0m[HTTP][0m [37m<-- GET /wd/hub/session/1c00a34a-66a2-433b-8395-1d2f434edd1e/context [39m[32m200[39m [90m2 ms - 22[39m
[38;5;0m[HTTP][0m [90m[39m
[38;5;0m[HTTP][0m [37m-->[39m [37mGET[39m [37m/wd/hub/session/1c00a34a-66a2-433b-8395-1d2f434edd1e/contexts[39m
[38;5;0m[HTTP][0m [90m{}[39m
[38;5;0m[HTTP][0m [37m<-- GET /wd/hub/session/1c00a34a-66a2-433b-8395-1d2f434edd1e/contexts [39m[32m200[39m [90m454 ms - 24[39m
[38;5;0m[HTTP][0m [90m[39m
[38;5;0m[HTTP][0m [37m-->[39m [37mPOST[39m [37m/wd/hub/session/1c00a34a-66a2-433b-8395-1d2f434edd1e/context[39m
[38;5;0m[HTTP][0m [90m{"name":"NATIVE_APP"}[39m
[38;5;0m[HTTP][0m [37m<-- POST /wd/hub/session/1c00a34a-66a2-433b-8395-1d2f434edd1e/context [39m[32m200[39m [90m3 ms - 14[39m
[38;5;0m[HTTP][0m [90m[39m
[38;5;0m[HTTP][0m [37m-->[39m [37mPOST[39m [37m/wd/hub/session/1c00a34a-66a2-433b-8395-1d2f434edd1e/appium/device/hide_keyboard[39m
[38;5;0m[HTTP][0m [90m{}[39m
[38;5;0m[HTTP][0m [37m<-- POST /wd/hub/session/1c00a34a-66a2-433b-8395-1d2f434edd1e/appium/device/hide_keyboard [39m[32m200[39m [90m1386 ms - 14[39m
[38;5;0m[HTTP][0m [90m[39m
[38;5;0m[HTTP][0m [37m-->[39m [37mPOST[39m [37m/wd/hub/session/1c00a34a-66a2-433b-8395-1d2f434edd1e/context[39m
[38;5;0m[HTTP][0m [90m{"name":"NATIVE_APP"}[39m
[38;5;0m[HTTP][0m [37m<-- POST /wd/hub/session/1c00a34a-66a2-433b-8395-1d2f434edd1e/context [39m[32m200[39m [90m2 ms - 14[39m
[38;5;0m[HTTP][0m [90m[39m
[38;5;0m[HTTP][0m [37m-->[39m [37mPOST[39m [37m/wd/hub/session/1c00a34a-66a2-433b-8395-1d2f434edd1e/timeouts[39m
[38;5;0m[HTTP][0m [90m{"implicit":50}[39m
[38;5;0m[HTTP][0m [37m<-- POST /wd/hub/session/1c00a34a-66a2-433b-8395-1d2f434edd1e/timeouts [39m[32m200[39m [90m4 ms - 14[39m
[38;5;0m[HTTP][0m [90m[39m
[38;5;0m[HTTP][0m [37m-->[39m [37mGET[39m [37m/wd/hub/session/1c00a34a-66a2-433b-8395-1d2f434edd1e/window/rect[39m
[38;5;0m[HTTP][0m [90m{}[39m
[38;5;0m[HTTP][0m [37m<-- GET /wd/hub/session/1c00a34a-66a2-433b-8395-1d2f434edd1e/window/rect [39m[32m200[39m [90m16 ms - 49[39m
[38;5;0m[HTTP][0m [90m[39m
[38;5;0m[HTTP][0m [37m-->[39m [37mPOST[39m [37m/wd/hub/session/1c00a34a-66a2-433b-8395-1d2f434edd1e/elements[39m
[38;5;0m[HTTP][0m [90m{"using":"xpath","value":"//*[@class = 'android.widget.Button' and (@text = 'LOGIN' or . = 'LOGIN') and @resource-id = 'com.Advantage.aShopping:id/buttonLogin']"}[39m
[38;5;0m[HTTP][0m [37m<-- POST /wd/hub/session/1c00a34a-66a2-433b-8395-1d2f434edd1e/elements [39m[32m200[39m [90m316 ms - 139[39m
[38;5;0m[HTTP][0m [90m[39m
[38;5;0m[HTTP][0m [37m-->[39m [37mGET[39m [37m/wd/hub/session/1c00a34a-66a2-433b-8395-1d2f434edd1e/element/00000000-0000-0740-7fff-ffff0000006d/location[39m
[38;5;0m[HTTP][0m [90m{}[39m
[38;5;48m[AndroidUiautomator2Driver@ebb3 (1c00a34a)][0m Driver proxy active, passing request on via HTTP proxy
[38;5;48m[AndroidUiautomator2Driver@ebb3 (1c00a34a)][0m Replacing sessionId 95bf132c-8624-4f4f-8a9e-6605e78f9b5f with 1c00a34a-66a2-433b-8395-1d2f434edd1e
[38;5;0m[HTTP][0m [37m<-- GET /wd/hub/session/1c00a34a-66a2-433b-8395-1d2f434edd1e/element/00000000-0000-0740-7fff-ffff0000006d/location [39m[32m200[39m [90m34 ms - 77[39m
[38;5;0m[HTTP][0m [90m[39m
[38;5;0m[HTTP][0m [37m-->[39m [37mPOST[39m [37m/wd/hub/session/1c00a34a-66a2-433b-8395-1d2f434edd1e/timeouts[39m
[38;5;0m[HTTP][0m [90m{"implicit":30000}[39m
[38;5;0m[HTTP][0m [37m<-- POST /wd/hub/session/1c00a34a-66a2-433b-8395-1d2f434edd1e/timeouts [39m[32m200[39m [90m2 ms - 14[39m
[38;5;0m[HTTP][0m [90m[39m
[38;5;0m[HTTP][0m [37m-->[39m [37mPOST[39m [37m/wd/hub/session/1c00a34a-66a2-433b-8395-1d2f434edd1e/element/00000000-0000-0740-7fff-ffff0000006d/click[39m
[38;5;0m[HTTP][0m [90m{"id":"00000000-0000-0740-7fff-ffff0000006d"}[39m
[38;5;0m[HTTP][0m [37m<-- POST /wd/hub/session/1c00a34a-66a2-433b-8395-1d2f434edd1e/element/00000000-0000-0740-7fff-ffff0000006d/click [39m[32m200[39m [90m62 ms - 14[39m
[38;5;0m[HTTP][0m [90m[39m
[38;5;0m[HTTP][0m [37m-->[39m [37mDELETE[39m [37m/wd/hub/session/1c00a34a-66a2-433b-8395-1d2f434edd1e[39m
[38;5;0m[HTTP][0m [90m{}[39m
[38;5;16m[AppiumDriver@0c23][0m Removing session 1c00a34a-66a2-433b-8395-1d2f434edd1e from our master session list
[38;5;64m[ADB][0m com.Advantage.aShopping was successfully uninstalled
[38;5;0m[HTTP][0m [37m<-- DELETE /wd/hub/session/1c00a34a-66a2-433b-8395-1d2f434edd1e [39m[32m200[39m [90m3147 ms - 14[39m
[38;5;0m[HTTP][0m [90m[39m
